{"E:\\WebStormProjects\\cpsc310project_team65\\src\\Util.js":{"path":"E:\\WebStormProjects\\cpsc310project_team65\\src\\Util.js","statementMap":{"0":{"start":{"line":2,"column":11},"end":{"line":21,"column":3}},"1":{"start":{"line":5,"column":4},"end":{"line":7,"column":6}},"2":{"start":{"line":6,"column":8},"end":{"line":6,"column":71}},"3":{"start":{"line":8,"column":4},"end":{"line":10,"column":6}},"4":{"start":{"line":9,"column":8},"end":{"line":9,"column":71}},"5":{"start":{"line":11,"column":4},"end":{"line":13,"column":6}},"6":{"start":{"line":12,"column":8},"end":{"line":12,"column":73}},"7":{"start":{"line":14,"column":4},"end":{"line":16,"column":6}},"8":{"start":{"line":15,"column":8},"end":{"line":15,"column":73}},"9":{"start":{"line":17,"column":4},"end":{"line":19,"column":6}},"10":{"start":{"line":18,"column":8},"end":{"line":18,"column":71}},"11":{"start":{"line":20,"column":4},"end":{"line":20,"column":15}},"12":{"start":{"line":22,"column":0},"end":{"line":22,"column":62}},"13":{"start":{"line":23,"column":0},"end":{"line":23,"column":22}}},"fnMap":{"0":{"name":"(anonymous_0)","decl":{"start":{"line":2,"column":11},"end":{"line":2,"column":12}},"loc":{"start":{"line":2,"column":23},"end":{"line":21,"column":1}}},"1":{"name":"Log","decl":{"start":{"line":3,"column":13},"end":{"line":3,"column":16}},"loc":{"start":{"line":3,"column":19},"end":{"line":4,"column":5}}},"2":{"name":"(anonymous_2)","decl":{"start":{"line":5,"column":16},"end":{"line":5,"column":17}},"loc":{"start":{"line":5,"column":31},"end":{"line":7,"column":5}}},"3":{"name":"(anonymous_3)","decl":{"start":{"line":8,"column":15},"end":{"line":8,"column":16}},"loc":{"start":{"line":8,"column":30},"end":{"line":10,"column":5}}},"4":{"name":"(anonymous_4)","decl":{"start":{"line":11,"column":15},"end":{"line":11,"column":16}},"loc":{"start":{"line":11,"column":30},"end":{"line":13,"column":5}}},"5":{"name":"(anonymous_5)","decl":{"start":{"line":14,"column":16},"end":{"line":14,"column":17}},"loc":{"start":{"line":14,"column":31},"end":{"line":16,"column":5}}},"6":{"name":"(anonymous_6)","decl":{"start":{"line":17,"column":15},"end":{"line":17,"column":16}},"loc":{"start":{"line":17,"column":30},"end":{"line":19,"column":5}}}},"branchMap":{},"s":{"0":1,"1":1,"2":78,"3":1,"4":0,"5":1,"6":0,"7":1,"8":0,"9":1,"10":154,"11":1,"12":1,"13":1},"f":{"0":1,"1":0,"2":78,"3":0,"4":0,"5":0,"6":154},"b":{},"_coverageSchema":"332fd63041d2c1bcb487cc26dd0d5f7d97098a6c","hash":"1906645fe9c634c5b9d72d254067a783c4adf826","contentHash":"4e00e57f51f81c2e5f5fb4722c66a4a1_10.0.0"},"E:\\WebStormProjects\\cpsc310project_team65\\src\\controller\\InsightFacade.js":{"path":"E:\\WebStormProjects\\cpsc310project_team65\\src\\controller\\InsightFacade.js","statementMap":{"0":{"start":{"line":2,"column":13},"end":{"line":2,"column":31}},"1":{"start":{"line":3,"column":9},"end":{"line":3,"column":25}},"2":{"start":{"line":4,"column":9},"end":{"line":4,"column":22}},"3":{"start":{"line":5,"column":9},"end":{"line":5,"column":26}},"4":{"start":{"line":6,"column":11},"end":{"line":6,"column":26}},"5":{"start":{"line":7,"column":20},"end":{"line":7,"column":22}},"6":{"start":{"line":8,"column":18},"end":{"line":8,"column":20}},"7":{"start":{"line":9,"column":21},"end":{"line":1219,"column":3}},"8":{"start":{"line":11,"column":8},"end":{"line":11,"column":58}},"9":{"start":{"line":13,"column":4},"end":{"line":60,"column":6}},"10":{"start":{"line":14,"column":8},"end":{"line":59,"column":11}},"11":{"start":{"line":15,"column":24},"end":{"line":15,"column":50}},"12":{"start":{"line":16,"column":23},"end":{"line":21,"column":13}},"13":{"start":{"line":22,"column":12},"end":{"line":58,"column":15}},"14":{"start":{"line":23,"column":33},"end":{"line":23,"column":47}},"15":{"start":{"line":24,"column":34},"end":{"line":24,"column":61}},"16":{"start":{"line":26,"column":16},"end":{"line":33,"column":17}},"17":{"start":{"line":27,"column":20},"end":{"line":28,"column":56}},"18":{"start":{"line":30,"column":21},"end":{"line":33,"column":17}},"19":{"start":{"line":31,"column":20},"end":{"line":32,"column":83}},"20":{"start":{"line":34,"column":16},"end":{"line":37,"column":17}},"21":{"start":{"line":35,"column":20},"end":{"line":35,"column":33}},"22":{"start":{"line":36,"column":20},"end":{"line":36,"column":34}},"23":{"start":{"line":38,"column":16},"end":{"line":38,"column":40}},"24":{"start":{"line":39,"column":30},"end":{"line":39,"column":32}},"25":{"start":{"line":40,"column":16},"end":{"line":40,"column":78}},"26":{"start":{"line":40,"column":50},"end":{"line":40,"column":74}},"27":{"start":{"line":41,"column":16},"end":{"line":55,"column":19}},"28":{"start":{"line":42,"column":20},"end":{"line":54,"column":21}},"29":{"start":{"line":43,"column":41},"end":{"line":43,"column":60}},"30":{"start":{"line":44,"column":35},"end":{"line":49,"column":25}},"31":{"start":{"line":50,"column":24},"end":{"line":50,"column":38}},"32":{"start":{"line":53,"column":24},"end":{"line":53,"column":38}},"33":{"start":{"line":57,"column":16},"end":{"line":57,"column":30}},"34":{"start":{"line":61,"column":4},"end":{"line":83,"column":6}},"35":{"start":{"line":62,"column":18},"end":{"line":62,"column":33}},"36":{"start":{"line":63,"column":8},"end":{"line":82,"column":9}},"37":{"start":{"line":64,"column":12},"end":{"line":81,"column":13}},"38":{"start":{"line":65,"column":28},"end":{"line":65,"column":37}},"39":{"start":{"line":66,"column":26},"end":{"line":66,"column":37}},"40":{"start":{"line":67,"column":16},"end":{"line":80,"column":17}},"41":{"start":{"line":68,"column":20},"end":{"line":79,"column":21}},"42":{"start":{"line":69,"column":34},"end":{"line":69,"column":43}},"43":{"start":{"line":70,"column":24},"end":{"line":78,"column":25}},"44":{"start":{"line":71,"column":28},"end":{"line":71,"column":41}},"45":{"start":{"line":74,"column":40},"end":{"line":74,"column":68}},"46":{"start":{"line":75,"column":28},"end":{"line":77,"column":29}},"47":{"start":{"line":76,"column":32},"end":{"line":76,"column":45}},"48":{"start":{"line":84,"column":4},"end":{"line":361,"column":6}},"49":{"start":{"line":85,"column":19},"end":{"line":85,"column":23}},"50":{"start":{"line":86,"column":8},"end":{"line":360,"column":11}},"51":{"start":{"line":87,"column":12},"end":{"line":359,"column":13}},"52":{"start":{"line":88,"column":33},"end":{"line":88,"column":35}},"53":{"start":{"line":89,"column":32},"end":{"line":89,"column":34}},"54":{"start":{"line":90,"column":16},"end":{"line":244,"column":19}},"55":{"start":{"line":92,"column":32},"end":{"line":92,"column":34}},"56":{"start":{"line":93,"column":31},"end":{"line":93,"column":33}},"57":{"start":{"line":94,"column":31},"end":{"line":94,"column":33}},"58":{"start":{"line":95,"column":20},"end":{"line":236,"column":23}},"59":{"start":{"line":97,"column":35},"end":{"line":97,"column":52}},"60":{"start":{"line":98,"column":35},"end":{"line":98,"column":103}},"61":{"start":{"line":99,"column":24},"end":{"line":109,"column":25}},"62":{"start":{"line":100,"column":39},"end":{"line":100,"column":68}},"63":{"start":{"line":101,"column":28},"end":{"line":108,"column":29}},"64":{"start":{"line":102,"column":40},"end":{"line":102,"column":50}},"65":{"start":{"line":103,"column":32},"end":{"line":107,"column":33}},"66":{"start":{"line":104,"column":36},"end":{"line":104,"column":91}},"67":{"start":{"line":105,"column":36},"end":{"line":105,"column":90}},"68":{"start":{"line":106,"column":36},"end":{"line":106,"column":158}},"69":{"start":{"line":110,"column":35},"end":{"line":110,"column":37}},"70":{"start":{"line":111,"column":34},"end":{"line":111,"column":56}},"71":{"start":{"line":112,"column":24},"end":{"line":121,"column":25}},"72":{"start":{"line":113,"column":40},"end":{"line":113,"column":49}},"73":{"start":{"line":114,"column":28},"end":{"line":120,"column":29}},"74":{"start":{"line":118,"column":32},"end":{"line":118,"column":63}},"75":{"start":{"line":119,"column":32},"end":{"line":119,"column":79}},"76":{"start":{"line":122,"column":24},"end":{"line":229,"column":27}},"77":{"start":{"line":124,"column":28},"end":{"line":127,"column":29}},"78":{"start":{"line":125,"column":42},"end":{"line":125,"column":52}},"79":{"start":{"line":126,"column":32},"end":{"line":126,"column":47}},"80":{"start":{"line":128,"column":28},"end":{"line":221,"column":31}},"81":{"start":{"line":130,"column":47},"end":{"line":130,"column":49}},"82":{"start":{"line":131,"column":40},"end":{"line":131,"column":41}},"83":{"start":{"line":132,"column":32},"end":{"line":188,"column":33}},"84":{"start":{"line":133,"column":48},"end":{"line":133,"column":57}},"85":{"start":{"line":134,"column":46},"end":{"line":134,"column":61}},"86":{"start":{"line":135,"column":51},"end":{"line":135,"column":107}},"87":{"start":{"line":136,"column":47},"end":{"line":136,"column":75}},"88":{"start":{"line":137,"column":51},"end":{"line":137,"column":52}},"89":{"start":{"line":138,"column":52},"end":{"line":138,"column":53}},"90":{"start":{"line":139,"column":52},"end":{"line":139,"column":108}},"91":{"start":{"line":140,"column":48},"end":{"line":140,"column":105}},"92":{"start":{"line":141,"column":48},"end":{"line":141,"column":55}},"93":{"start":{"line":142,"column":46},"end":{"line":142,"column":113}},"94":{"start":{"line":143,"column":36},"end":{"line":186,"column":37}},"95":{"start":{"line":144,"column":50},"end":{"line":144,"column":78}},"96":{"start":{"line":145,"column":40},"end":{"line":185,"column":41}},"97":{"start":{"line":146,"column":55},"end":{"line":146,"column":64}},"98":{"start":{"line":147,"column":44},"end":{"line":184,"column":45}},"99":{"start":{"line":148,"column":58},"end":{"line":148,"column":60}},"100":{"start":{"line":149,"column":48},"end":{"line":149,"column":76}},"101":{"start":{"line":150,"column":48},"end":{"line":150,"column":78}},"102":{"start":{"line":151,"column":48},"end":{"line":151,"column":79}},"103":{"start":{"line":152,"column":62},"end":{"line":152,"column":114}},"104":{"start":{"line":153,"column":48},"end":{"line":153,"column":78}},"105":{"start":{"line":154,"column":63},"end":{"line":154,"column":89}},"106":{"start":{"line":155,"column":48},"end":{"line":155,"column":77}},"107":{"start":{"line":156,"column":58},"end":{"line":156,"column":96}},"108":{"start":{"line":157,"column":63},"end":{"line":157,"column":94}},"109":{"start":{"line":158,"column":48},"end":{"line":158,"column":78}},"110":{"start":{"line":159,"column":59},"end":{"line":159,"column":97}},"111":{"start":{"line":160,"column":62},"end":{"line":160,"column":73}},"112":{"start":{"line":161,"column":48},"end":{"line":161,"column":81}},"113":{"start":{"line":162,"column":59},"end":{"line":162,"column":97}},"114":{"start":{"line":163,"column":61},"end":{"line":163,"column":72}},"115":{"start":{"line":164,"column":48},"end":{"line":164,"column":75}},"116":{"start":{"line":165,"column":58},"end":{"line":165,"column":96}},"117":{"start":{"line":167,"column":48},"end":{"line":172,"column":49}},"118":{"start":{"line":168,"column":52},"end":{"line":171,"column":53}},"119":{"start":{"line":169,"column":68},"end":{"line":169,"column":77}},"120":{"start":{"line":170,"column":56},"end":{"line":170,"column":78}},"121":{"start":{"line":173,"column":48},"end":{"line":173,"column":76}},"122":{"start":{"line":174,"column":48},"end":{"line":183,"column":49}},"123":{"start":{"line":175,"column":52},"end":{"line":181,"column":53}},"124":{"start":{"line":176,"column":65},"end":{"line":176,"column":75}},"125":{"start":{"line":177,"column":56},"end":{"line":180,"column":57}},"126":{"start":{"line":178,"column":60},"end":{"line":178,"column":90}},"127":{"start":{"line":179,"column":60},"end":{"line":179,"column":90}},"128":{"start":{"line":182,"column":52},"end":{"line":182,"column":71}},"129":{"start":{"line":187,"column":36},"end":{"line":187,"column":40}},"130":{"start":{"line":189,"column":32},"end":{"line":213,"column":33}},"131":{"start":{"line":190,"column":46},"end":{"line":193,"column":37}},"132":{"start":{"line":194,"column":36},"end":{"line":194,"column":48}},"133":{"start":{"line":196,"column":37},"end":{"line":213,"column":33}},"134":{"start":{"line":197,"column":36},"end":{"line":197,"column":98}},"135":{"start":{"line":198,"column":36},"end":{"line":198,"column":59}},"136":{"start":{"line":199,"column":46},"end":{"line":202,"column":37}},"137":{"start":{"line":203,"column":36},"end":{"line":203,"column":49}},"138":{"start":{"line":206,"column":36},"end":{"line":206,"column":98}},"139":{"start":{"line":207,"column":36},"end":{"line":207,"column":59}},"140":{"start":{"line":208,"column":46},"end":{"line":211,"column":37}},"141":{"start":{"line":212,"column":36},"end":{"line":212,"column":49}},"142":{"start":{"line":216,"column":42},"end":{"line":219,"column":33}},"143":{"start":{"line":220,"column":32},"end":{"line":220,"column":44}},"144":{"start":{"line":224,"column":38},"end":{"line":227,"column":29}},"145":{"start":{"line":228,"column":28},"end":{"line":228,"column":40}},"146":{"start":{"line":231,"column":34},"end":{"line":234,"column":25}},"147":{"start":{"line":235,"column":24},"end":{"line":235,"column":36}},"148":{"start":{"line":239,"column":30},"end":{"line":242,"column":21}},"149":{"start":{"line":243,"column":20},"end":{"line":243,"column":32}},"150":{"start":{"line":246,"column":17},"end":{"line":359,"column":13}},"151":{"start":{"line":247,"column":33},"end":{"line":247,"column":35}},"152":{"start":{"line":248,"column":16},"end":{"line":351,"column":19}},"153":{"start":{"line":250,"column":30},"end":{"line":250,"column":52}},"154":{"start":{"line":251,"column":20},"end":{"line":256,"column":21}},"155":{"start":{"line":252,"column":36},"end":{"line":252,"column":45}},"156":{"start":{"line":253,"column":24},"end":{"line":255,"column":25}},"157":{"start":{"line":254,"column":28},"end":{"line":254,"column":75}},"158":{"start":{"line":257,"column":20},"end":{"line":343,"column":23}},"159":{"start":{"line":259,"column":39},"end":{"line":259,"column":41}},"160":{"start":{"line":260,"column":24},"end":{"line":310,"column":25}},"161":{"start":{"line":261,"column":40},"end":{"line":261,"column":49}},"162":{"start":{"line":262,"column":40},"end":{"line":262,"column":57}},"163":{"start":{"line":263,"column":39},"end":{"line":263,"column":51}},"164":{"start":{"line":264,"column":28},"end":{"line":309,"column":29}},"165":{"start":{"line":265,"column":45},"end":{"line":265,"column":55}},"166":{"start":{"line":266,"column":43},"end":{"line":266,"column":62}},"167":{"start":{"line":267,"column":42},"end":{"line":267,"column":44}},"168":{"start":{"line":268,"column":44},"end":{"line":268,"column":45}},"169":{"start":{"line":269,"column":32},"end":{"line":307,"column":33}},"170":{"start":{"line":270,"column":49},"end":{"line":270,"column":59}},"171":{"start":{"line":271,"column":36},"end":{"line":273,"column":37}},"172":{"start":{"line":272,"column":40},"end":{"line":272,"column":77}},"173":{"start":{"line":274,"column":36},"end":{"line":276,"column":37}},"174":{"start":{"line":275,"column":40},"end":{"line":275,"column":75}},"175":{"start":{"line":277,"column":36},"end":{"line":279,"column":37}},"176":{"start":{"line":278,"column":40},"end":{"line":278,"column":76}},"177":{"start":{"line":280,"column":36},"end":{"line":282,"column":37}},"178":{"start":{"line":281,"column":40},"end":{"line":281,"column":83}},"179":{"start":{"line":283,"column":36},"end":{"line":285,"column":37}},"180":{"start":{"line":284,"column":40},"end":{"line":284,"column":78}},"181":{"start":{"line":286,"column":36},"end":{"line":288,"column":37}},"182":{"start":{"line":287,"column":40},"end":{"line":287,"column":77}},"183":{"start":{"line":289,"column":36},"end":{"line":291,"column":37}},"184":{"start":{"line":290,"column":40},"end":{"line":290,"column":77}},"185":{"start":{"line":292,"column":36},"end":{"line":294,"column":37}},"186":{"start":{"line":293,"column":40},"end":{"line":293,"column":78}},"187":{"start":{"line":295,"column":36},"end":{"line":297,"column":37}},"188":{"start":{"line":296,"column":40},"end":{"line":296,"column":88}},"189":{"start":{"line":298,"column":36},"end":{"line":303,"column":37}},"190":{"start":{"line":299,"column":40},"end":{"line":302,"column":41}},"191":{"start":{"line":300,"column":44},"end":{"line":300,"column":71}},"192":{"start":{"line":301,"column":44},"end":{"line":301,"column":54}},"193":{"start":{"line":304,"column":36},"end":{"line":306,"column":37}},"194":{"start":{"line":305,"column":40},"end":{"line":305,"column":85}},"195":{"start":{"line":308,"column":32},"end":{"line":308,"column":51}},"196":{"start":{"line":311,"column":24},"end":{"line":335,"column":25}},"197":{"start":{"line":312,"column":38},"end":{"line":315,"column":29}},"198":{"start":{"line":316,"column":28},"end":{"line":316,"column":40}},"199":{"start":{"line":318,"column":29},"end":{"line":335,"column":25}},"200":{"start":{"line":319,"column":28},"end":{"line":319,"column":90}},"201":{"start":{"line":320,"column":28},"end":{"line":320,"column":53}},"202":{"start":{"line":321,"column":38},"end":{"line":324,"column":29}},"203":{"start":{"line":325,"column":28},"end":{"line":325,"column":41}},"204":{"start":{"line":328,"column":28},"end":{"line":328,"column":90}},"205":{"start":{"line":329,"column":28},"end":{"line":329,"column":53}},"206":{"start":{"line":330,"column":38},"end":{"line":333,"column":29}},"207":{"start":{"line":334,"column":28},"end":{"line":334,"column":41}},"208":{"start":{"line":338,"column":34},"end":{"line":341,"column":25}},"209":{"start":{"line":342,"column":24},"end":{"line":342,"column":36}},"210":{"start":{"line":346,"column":30},"end":{"line":349,"column":21}},"211":{"start":{"line":350,"column":20},"end":{"line":350,"column":32}},"212":{"start":{"line":354,"column":26},"end":{"line":357,"column":17}},"213":{"start":{"line":358,"column":16},"end":{"line":358,"column":28}},"214":{"start":{"line":362,"column":4},"end":{"line":386,"column":6}},"215":{"start":{"line":363,"column":8},"end":{"line":385,"column":11}},"216":{"start":{"line":364,"column":12},"end":{"line":384,"column":13}},"217":{"start":{"line":365,"column":16},"end":{"line":365,"column":49}},"218":{"start":{"line":366,"column":16},"end":{"line":368,"column":17}},"219":{"start":{"line":367,"column":20},"end":{"line":367,"column":39}},"220":{"start":{"line":369,"column":16},"end":{"line":371,"column":17}},"221":{"start":{"line":370,"column":20},"end":{"line":370,"column":37}},"222":{"start":{"line":372,"column":26},"end":{"line":375,"column":17}},"223":{"start":{"line":376,"column":16},"end":{"line":376,"column":29}},"224":{"start":{"line":379,"column":26},"end":{"line":382,"column":17}},"225":{"start":{"line":383,"column":16},"end":{"line":383,"column":28}},"226":{"start":{"line":387,"column":4},"end":{"line":417,"column":6}},"227":{"start":{"line":388,"column":22},"end":{"line":388,"column":107}},"228":{"start":{"line":389,"column":25},"end":{"line":389,"column":131}},"229":{"start":{"line":390,"column":8},"end":{"line":392,"column":9}},"230":{"start":{"line":391,"column":12},"end":{"line":391,"column":21}},"231":{"start":{"line":393,"column":8},"end":{"line":395,"column":9}},"232":{"start":{"line":394,"column":12},"end":{"line":394,"column":21}},"233":{"start":{"line":396,"column":8},"end":{"line":398,"column":9}},"234":{"start":{"line":397,"column":12},"end":{"line":397,"column":21}},"235":{"start":{"line":399,"column":21},"end":{"line":399,"column":37}},"236":{"start":{"line":400,"column":8},"end":{"line":402,"column":9}},"237":{"start":{"line":401,"column":12},"end":{"line":401,"column":21}},"238":{"start":{"line":403,"column":8},"end":{"line":405,"column":9}},"239":{"start":{"line":404,"column":12},"end":{"line":404,"column":21}},"240":{"start":{"line":406,"column":8},"end":{"line":415,"column":9}},"241":{"start":{"line":407,"column":12},"end":{"line":409,"column":13}},"242":{"start":{"line":408,"column":16},"end":{"line":408,"column":25}},"243":{"start":{"line":411,"column":13},"end":{"line":415,"column":9}},"244":{"start":{"line":412,"column":12},"end":{"line":414,"column":13}},"245":{"start":{"line":413,"column":16},"end":{"line":413,"column":25}},"246":{"start":{"line":416,"column":8},"end":{"line":416,"column":17}},"247":{"start":{"line":418,"column":4},"end":{"line":690,"column":6}},"248":{"start":{"line":419,"column":22},"end":{"line":419,"column":107}},"249":{"start":{"line":420,"column":25},"end":{"line":420,"column":131}},"250":{"start":{"line":421,"column":23},"end":{"line":421,"column":41}},"251":{"start":{"line":422,"column":23},"end":{"line":422,"column":34}},"252":{"start":{"line":423,"column":8},"end":{"line":689,"column":9}},"253":{"start":{"line":426,"column":30},"end":{"line":426,"column":42}},"254":{"start":{"line":427,"column":20},"end":{"line":447,"column":21}},"255":{"start":{"line":428,"column":24},"end":{"line":428,"column":54}},"256":{"start":{"line":430,"column":25},"end":{"line":447,"column":21}},"257":{"start":{"line":431,"column":34},"end":{"line":431,"column":40}},"258":{"start":{"line":432,"column":24},"end":{"line":432,"column":93}},"259":{"start":{"line":434,"column":25},"end":{"line":447,"column":21}},"260":{"start":{"line":435,"column":38},"end":{"line":435,"column":44}},"261":{"start":{"line":436,"column":39},"end":{"line":436,"column":45}},"262":{"start":{"line":437,"column":24},"end":{"line":437,"column":171}},"263":{"start":{"line":440,"column":38},"end":{"line":440,"column":44}},"264":{"start":{"line":441,"column":38},"end":{"line":441,"column":40}},"265":{"start":{"line":442,"column":24},"end":{"line":444,"column":25}},"266":{"start":{"line":443,"column":28},"end":{"line":443,"column":49}},"267":{"start":{"line":445,"column":41},"end":{"line":445,"column":59}},"268":{"start":{"line":446,"column":24},"end":{"line":446,"column":171}},"269":{"start":{"line":452,"column":29},"end":{"line":452,"column":40}},"270":{"start":{"line":453,"column":20},"end":{"line":476,"column":21}},"271":{"start":{"line":454,"column":24},"end":{"line":454,"column":53}},"272":{"start":{"line":456,"column":25},"end":{"line":476,"column":21}},"273":{"start":{"line":457,"column":34},"end":{"line":457,"column":39}},"274":{"start":{"line":458,"column":37},"end":{"line":458,"column":53}},"275":{"start":{"line":459,"column":24},"end":{"line":459,"column":93}},"276":{"start":{"line":461,"column":25},"end":{"line":476,"column":21}},"277":{"start":{"line":462,"column":38},"end":{"line":462,"column":43}},"278":{"start":{"line":463,"column":41},"end":{"line":463,"column":61}},"279":{"start":{"line":464,"column":39},"end":{"line":464,"column":44}},"280":{"start":{"line":465,"column":42},"end":{"line":465,"column":63}},"281":{"start":{"line":466,"column":24},"end":{"line":466,"column":169}},"282":{"start":{"line":469,"column":38},"end":{"line":469,"column":43}},"283":{"start":{"line":470,"column":38},"end":{"line":470,"column":40}},"284":{"start":{"line":471,"column":24},"end":{"line":473,"column":25}},"285":{"start":{"line":472,"column":28},"end":{"line":472,"column":48}},"286":{"start":{"line":474,"column":41},"end":{"line":474,"column":58}},"287":{"start":{"line":475,"column":24},"end":{"line":475,"column":171}},"288":{"start":{"line":481,"column":44},"end":{"line":481,"column":55}},"289":{"start":{"line":482,"column":34},"end":{"line":482,"column":51}},"290":{"start":{"line":483,"column":20},"end":{"line":515,"column":21}},"291":{"start":{"line":484,"column":34},"end":{"line":484,"column":50}},"292":{"start":{"line":485,"column":51},"end":{"line":485,"column":81}},"293":{"start":{"line":486,"column":24},"end":{"line":514,"column":25}},"294":{"start":{"line":487,"column":28},"end":{"line":489,"column":29}},"295":{"start":{"line":488,"column":32},"end":{"line":488,"column":61}},"296":{"start":{"line":490,"column":40},"end":{"line":490,"column":63}},"297":{"start":{"line":491,"column":28},"end":{"line":501,"column":29}},"298":{"start":{"line":493,"column":36},"end":{"line":493,"column":65}},"299":{"start":{"line":496,"column":36},"end":{"line":496,"column":70}},"300":{"start":{"line":499,"column":36},"end":{"line":499,"column":42}},"301":{"start":{"line":502,"column":28},"end":{"line":513,"column":29}},"302":{"start":{"line":503,"column":32},"end":{"line":509,"column":33}},"303":{"start":{"line":504,"column":36},"end":{"line":508,"column":53}},"304":{"start":{"line":505,"column":40},"end":{"line":505,"column":52}},"305":{"start":{"line":508,"column":40},"end":{"line":508,"column":53}},"306":{"start":{"line":512,"column":32},"end":{"line":512,"column":61}},"307":{"start":{"line":520,"column":44},"end":{"line":520,"column":55}},"308":{"start":{"line":521,"column":34},"end":{"line":521,"column":51}},"309":{"start":{"line":522,"column":20},"end":{"line":555,"column":21}},"310":{"start":{"line":523,"column":34},"end":{"line":523,"column":50}},"311":{"start":{"line":524,"column":51},"end":{"line":524,"column":81}},"312":{"start":{"line":525,"column":24},"end":{"line":554,"column":25}},"313":{"start":{"line":526,"column":28},"end":{"line":528,"column":29}},"314":{"start":{"line":527,"column":32},"end":{"line":527,"column":61}},"315":{"start":{"line":529,"column":40},"end":{"line":529,"column":63}},"316":{"start":{"line":530,"column":28},"end":{"line":540,"column":29}},"317":{"start":{"line":532,"column":36},"end":{"line":532,"column":65}},"318":{"start":{"line":535,"column":36},"end":{"line":535,"column":70}},"319":{"start":{"line":538,"column":36},"end":{"line":538,"column":42}},"320":{"start":{"line":541,"column":28},"end":{"line":553,"column":29}},"321":{"start":{"line":542,"column":32},"end":{"line":548,"column":33}},"322":{"start":{"line":543,"column":36},"end":{"line":547,"column":53}},"323":{"start":{"line":544,"column":40},"end":{"line":544,"column":52}},"324":{"start":{"line":547,"column":40},"end":{"line":547,"column":53}},"325":{"start":{"line":551,"column":49},"end":{"line":551,"column":51}},"326":{"start":{"line":552,"column":32},"end":{"line":552,"column":61}},"327":{"start":{"line":560,"column":44},"end":{"line":560,"column":55}},"328":{"start":{"line":561,"column":34},"end":{"line":561,"column":51}},"329":{"start":{"line":562,"column":20},"end":{"line":594,"column":21}},"330":{"start":{"line":563,"column":34},"end":{"line":563,"column":50}},"331":{"start":{"line":564,"column":51},"end":{"line":564,"column":81}},"332":{"start":{"line":565,"column":24},"end":{"line":593,"column":25}},"333":{"start":{"line":566,"column":28},"end":{"line":568,"column":29}},"334":{"start":{"line":567,"column":32},"end":{"line":567,"column":61}},"335":{"start":{"line":569,"column":40},"end":{"line":569,"column":63}},"336":{"start":{"line":570,"column":28},"end":{"line":580,"column":29}},"337":{"start":{"line":572,"column":36},"end":{"line":572,"column":65}},"338":{"start":{"line":575,"column":36},"end":{"line":575,"column":70}},"339":{"start":{"line":578,"column":36},"end":{"line":578,"column":42}},"340":{"start":{"line":581,"column":28},"end":{"line":592,"column":29}},"341":{"start":{"line":582,"column":32},"end":{"line":588,"column":33}},"342":{"start":{"line":583,"column":36},"end":{"line":587,"column":53}},"343":{"start":{"line":584,"column":40},"end":{"line":584,"column":52}},"344":{"start":{"line":587,"column":40},"end":{"line":587,"column":53}},"345":{"start":{"line":591,"column":32},"end":{"line":591,"column":61}},"346":{"start":{"line":599,"column":44},"end":{"line":599,"column":55}},"347":{"start":{"line":600,"column":34},"end":{"line":600,"column":51}},"348":{"start":{"line":601,"column":20},"end":{"line":669,"column":21}},"349":{"start":{"line":602,"column":34},"end":{"line":602,"column":50}},"350":{"start":{"line":603,"column":51},"end":{"line":603,"column":81}},"351":{"start":{"line":604,"column":24},"end":{"line":668,"column":25}},"352":{"start":{"line":605,"column":28},"end":{"line":607,"column":29}},"353":{"start":{"line":606,"column":32},"end":{"line":606,"column":61}},"354":{"start":{"line":608,"column":40},"end":{"line":608,"column":63}},"355":{"start":{"line":609,"column":28},"end":{"line":619,"column":29}},"356":{"start":{"line":611,"column":36},"end":{"line":611,"column":65}},"357":{"start":{"line":614,"column":36},"end":{"line":614,"column":70}},"358":{"start":{"line":617,"column":36},"end":{"line":617,"column":42}},"359":{"start":{"line":620,"column":28},"end":{"line":667,"column":29}},"360":{"start":{"line":621,"column":32},"end":{"line":663,"column":33}},"361":{"start":{"line":622,"column":46},"end":{"line":622,"column":88}},"362":{"start":{"line":623,"column":45},"end":{"line":623,"column":48}},"363":{"start":{"line":624,"column":52},"end":{"line":624,"column":71}},"364":{"start":{"line":625,"column":51},"end":{"line":625,"column":92}},"365":{"start":{"line":626,"column":36},"end":{"line":661,"column":53}},"366":{"start":{"line":627,"column":40},"end":{"line":629,"column":41}},"367":{"start":{"line":628,"column":44},"end":{"line":628,"column":73}},"368":{"start":{"line":630,"column":40},"end":{"line":630,"column":79}},"369":{"start":{"line":631,"column":40},"end":{"line":633,"column":41}},"370":{"start":{"line":632,"column":44},"end":{"line":632,"column":56}},"371":{"start":{"line":635,"column":41},"end":{"line":661,"column":53}},"372":{"start":{"line":636,"column":40},"end":{"line":638,"column":41}},"373":{"start":{"line":637,"column":44},"end":{"line":637,"column":73}},"374":{"start":{"line":639,"column":40},"end":{"line":639,"column":75}},"375":{"start":{"line":640,"column":40},"end":{"line":644,"column":41}},"376":{"start":{"line":641,"column":44},"end":{"line":643,"column":45}},"377":{"start":{"line":642,"column":48},"end":{"line":642,"column":60}},"378":{"start":{"line":646,"column":41},"end":{"line":661,"column":53}},"379":{"start":{"line":647,"column":40},"end":{"line":649,"column":41}},"380":{"start":{"line":648,"column":44},"end":{"line":648,"column":73}},"381":{"start":{"line":650,"column":40},"end":{"line":650,"column":79}},"382":{"start":{"line":651,"column":40},"end":{"line":655,"column":41}},"383":{"start":{"line":652,"column":44},"end":{"line":654,"column":45}},"384":{"start":{"line":653,"column":48},"end":{"line":653,"column":60}},"385":{"start":{"line":657,"column":41},"end":{"line":661,"column":53}},"386":{"start":{"line":658,"column":40},"end":{"line":658,"column":52}},"387":{"start":{"line":661,"column":40},"end":{"line":661,"column":53}},"388":{"start":{"line":662,"column":36},"end":{"line":662,"column":49}},"389":{"start":{"line":666,"column":32},"end":{"line":666,"column":61}},"390":{"start":{"line":674,"column":30},"end":{"line":674,"column":42}},"391":{"start":{"line":675,"column":33},"end":{"line":675,"column":49}},"392":{"start":{"line":676,"column":20},"end":{"line":678,"column":21}},"393":{"start":{"line":677,"column":24},"end":{"line":677,"column":54}},"394":{"start":{"line":679,"column":20},"end":{"line":682,"column":21}},"395":{"start":{"line":680,"column":37},"end":{"line":680,"column":47}},"396":{"start":{"line":681,"column":24},"end":{"line":681,"column":96}},"397":{"start":{"line":683,"column":20},"end":{"line":683,"column":90}},"398":{"start":{"line":687,"column":16},"end":{"line":687,"column":50}},"399":{"start":{"line":691,"column":4},"end":{"line":830,"column":6}},"400":{"start":{"line":692,"column":8},"end":{"line":694,"column":9}},"401":{"start":{"line":693,"column":12},"end":{"line":693,"column":46}},"402":{"start":{"line":695,"column":22},"end":{"line":695,"column":43}},"403":{"start":{"line":696,"column":18},"end":{"line":696,"column":32}},"404":{"start":{"line":697,"column":20},"end":{"line":697,"column":23}},"405":{"start":{"line":698,"column":8},"end":{"line":708,"column":9}},"406":{"start":{"line":700,"column":16},"end":{"line":700,"column":50}},"407":{"start":{"line":703,"column":16},"end":{"line":703,"column":50}},"408":{"start":{"line":706,"column":16},"end":{"line":706,"column":22}},"409":{"start":{"line":709,"column":8},"end":{"line":829,"column":9}},"410":{"start":{"line":712,"column":34},"end":{"line":712,"column":35}},"411":{"start":{"line":713,"column":20},"end":{"line":729,"column":21}},"412":{"start":{"line":714,"column":34},"end":{"line":714,"column":45}},"413":{"start":{"line":715,"column":35},"end":{"line":715,"column":51}},"414":{"start":{"line":716,"column":24},"end":{"line":728,"column":25}},"415":{"start":{"line":717,"column":28},"end":{"line":727,"column":29}},"416":{"start":{"line":718,"column":47},"end":{"line":718,"column":59}},"417":{"start":{"line":719,"column":32},"end":{"line":726,"column":33}},"418":{"start":{"line":720,"column":36},"end":{"line":722,"column":37}},"419":{"start":{"line":721,"column":40},"end":{"line":721,"column":59}},"420":{"start":{"line":725,"column":36},"end":{"line":725,"column":66}},"421":{"start":{"line":730,"column":20},"end":{"line":730,"column":35}},"422":{"start":{"line":735,"column":34},"end":{"line":735,"column":43}},"423":{"start":{"line":736,"column":20},"end":{"line":752,"column":21}},"424":{"start":{"line":737,"column":34},"end":{"line":737,"column":45}},"425":{"start":{"line":738,"column":35},"end":{"line":738,"column":51}},"426":{"start":{"line":739,"column":24},"end":{"line":751,"column":25}},"427":{"start":{"line":740,"column":28},"end":{"line":750,"column":29}},"428":{"start":{"line":741,"column":47},"end":{"line":741,"column":59}},"429":{"start":{"line":742,"column":32},"end":{"line":749,"column":33}},"430":{"start":{"line":743,"column":36},"end":{"line":745,"column":37}},"431":{"start":{"line":744,"column":40},"end":{"line":744,"column":59}},"432":{"start":{"line":748,"column":36},"end":{"line":748,"column":66}},"433":{"start":{"line":753,"column":20},"end":{"line":753,"column":35}},"434":{"start":{"line":758,"column":35},"end":{"line":758,"column":37}},"435":{"start":{"line":759,"column":20},"end":{"line":776,"column":21}},"436":{"start":{"line":760,"column":34},"end":{"line":760,"column":45}},"437":{"start":{"line":761,"column":35},"end":{"line":761,"column":51}},"438":{"start":{"line":762,"column":24},"end":{"line":775,"column":25}},"439":{"start":{"line":763,"column":28},"end":{"line":774,"column":29}},"440":{"start":{"line":764,"column":47},"end":{"line":764,"column":59}},"441":{"start":{"line":765,"column":32},"end":{"line":773,"column":33}},"442":{"start":{"line":766,"column":52},"end":{"line":766,"column":70}},"443":{"start":{"line":767,"column":36},"end":{"line":767,"column":63}},"444":{"start":{"line":768,"column":36},"end":{"line":768,"column":77}},"445":{"start":{"line":769,"column":36},"end":{"line":769,"column":61}},"446":{"start":{"line":772,"column":36},"end":{"line":772,"column":66}},"447":{"start":{"line":777,"column":30},"end":{"line":777,"column":87}},"448":{"start":{"line":777,"column":66},"end":{"line":777,"column":81}},"449":{"start":{"line":778,"column":20},"end":{"line":778,"column":48}},"450":{"start":{"line":779,"column":20},"end":{"line":779,"column":35}},"451":{"start":{"line":780,"column":30},"end":{"line":780,"column":52}},"452":{"start":{"line":781,"column":20},"end":{"line":781,"column":31}},"453":{"start":{"line":786,"column":36},"end":{"line":786,"column":38}},"454":{"start":{"line":787,"column":20},"end":{"line":798,"column":21}},"455":{"start":{"line":788,"column":34},"end":{"line":788,"column":45}},"456":{"start":{"line":789,"column":35},"end":{"line":789,"column":51}},"457":{"start":{"line":790,"column":24},"end":{"line":797,"column":25}},"458":{"start":{"line":791,"column":28},"end":{"line":796,"column":29}},"459":{"start":{"line":792,"column":43},"end":{"line":792,"column":55}},"460":{"start":{"line":793,"column":32},"end":{"line":795,"column":33}},"461":{"start":{"line":794,"column":36},"end":{"line":794,"column":57}},"462":{"start":{"line":799,"column":20},"end":{"line":799,"column":44}},"463":{"start":{"line":804,"column":34},"end":{"line":804,"column":35}},"464":{"start":{"line":805,"column":20},"end":{"line":820,"column":21}},"465":{"start":{"line":806,"column":34},"end":{"line":806,"column":45}},"466":{"start":{"line":807,"column":35},"end":{"line":807,"column":51}},"467":{"start":{"line":808,"column":24},"end":{"line":819,"column":25}},"468":{"start":{"line":809,"column":28},"end":{"line":818,"column":29}},"469":{"start":{"line":810,"column":47},"end":{"line":810,"column":59}},"470":{"start":{"line":811,"column":32},"end":{"line":817,"column":33}},"471":{"start":{"line":812,"column":52},"end":{"line":812,"column":70}},"472":{"start":{"line":813,"column":36},"end":{"line":813,"column":57}},"473":{"start":{"line":816,"column":36},"end":{"line":816,"column":66}},"474":{"start":{"line":821,"column":20},"end":{"line":821,"column":35}},"475":{"start":{"line":826,"column":20},"end":{"line":826,"column":54}},"476":{"start":{"line":831,"column":4},"end":{"line":845,"column":6}},"477":{"start":{"line":832,"column":26},"end":{"line":832,"column":28}},"478":{"start":{"line":833,"column":8},"end":{"line":833,"column":43}},"479":{"start":{"line":834,"column":8},"end":{"line":843,"column":11}},"480":{"start":{"line":835,"column":12},"end":{"line":841,"column":13}},"481":{"start":{"line":836,"column":25},"end":{"line":836,"column":36}},"482":{"start":{"line":837,"column":16},"end":{"line":838,"column":29}},"483":{"start":{"line":838,"column":20},"end":{"line":838,"column":29}},"484":{"start":{"line":839,"column":16},"end":{"line":840,"column":30}},"485":{"start":{"line":840,"column":20},"end":{"line":840,"column":30}},"486":{"start":{"line":842,"column":12},"end":{"line":842,"column":21}},"487":{"start":{"line":844,"column":8},"end":{"line":844,"column":27}},"488":{"start":{"line":846,"column":4},"end":{"line":860,"column":6}},"489":{"start":{"line":847,"column":26},"end":{"line":847,"column":28}},"490":{"start":{"line":848,"column":8},"end":{"line":848,"column":43}},"491":{"start":{"line":849,"column":8},"end":{"line":858,"column":11}},"492":{"start":{"line":850,"column":12},"end":{"line":856,"column":13}},"493":{"start":{"line":851,"column":25},"end":{"line":851,"column":36}},"494":{"start":{"line":852,"column":16},"end":{"line":853,"column":30}},"495":{"start":{"line":853,"column":20},"end":{"line":853,"column":30}},"496":{"start":{"line":854,"column":16},"end":{"line":855,"column":29}},"497":{"start":{"line":855,"column":20},"end":{"line":855,"column":29}},"498":{"start":{"line":857,"column":12},"end":{"line":857,"column":21}},"499":{"start":{"line":859,"column":8},"end":{"line":859,"column":27}},"500":{"start":{"line":861,"column":4},"end":{"line":1217,"column":6}},"501":{"start":{"line":862,"column":8},"end":{"line":1216,"column":11}},"502":{"start":{"line":863,"column":24},"end":{"line":863,"column":35}},"503":{"start":{"line":864,"column":27},"end":{"line":864,"column":45}},"504":{"start":{"line":865,"column":26},"end":{"line":865,"column":39}},"505":{"start":{"line":866,"column":12},"end":{"line":869,"column":13}},"506":{"start":{"line":867,"column":31},"end":{"line":867,"column":74}},"507":{"start":{"line":868,"column":16},"end":{"line":868,"column":33}},"508":{"start":{"line":870,"column":34},"end":{"line":870,"column":55}},"509":{"start":{"line":871,"column":24},"end":{"line":871,"column":40}},"510":{"start":{"line":872,"column":28},"end":{"line":872,"column":30}},"511":{"start":{"line":873,"column":12},"end":{"line":890,"column":13}},"512":{"start":{"line":874,"column":16},"end":{"line":886,"column":17}},"513":{"start":{"line":875,"column":20},"end":{"line":881,"column":21}},"514":{"start":{"line":876,"column":36},"end":{"line":876,"column":63}},"515":{"start":{"line":879,"column":39},"end":{"line":879,"column":92}},"516":{"start":{"line":880,"column":24},"end":{"line":880,"column":41}},"517":{"start":{"line":884,"column":35},"end":{"line":884,"column":88}},"518":{"start":{"line":885,"column":20},"end":{"line":885,"column":37}},"519":{"start":{"line":889,"column":28},"end":{"line":889,"column":44}},"520":{"start":{"line":891,"column":12},"end":{"line":894,"column":13}},"521":{"start":{"line":892,"column":31},"end":{"line":892,"column":84}},"522":{"start":{"line":893,"column":16},"end":{"line":893,"column":33}},"523":{"start":{"line":895,"column":32},"end":{"line":895,"column":38}},"524":{"start":{"line":896,"column":12},"end":{"line":899,"column":13}},"525":{"start":{"line":897,"column":31},"end":{"line":897,"column":85}},"526":{"start":{"line":898,"column":16},"end":{"line":898,"column":33}},"527":{"start":{"line":900,"column":12},"end":{"line":919,"column":13}},"528":{"start":{"line":901,"column":16},"end":{"line":904,"column":17}},"529":{"start":{"line":902,"column":35},"end":{"line":902,"column":80}},"530":{"start":{"line":903,"column":20},"end":{"line":903,"column":37}},"531":{"start":{"line":905,"column":28},"end":{"line":905,"column":41}},"532":{"start":{"line":906,"column":16},"end":{"line":906,"column":42}},"533":{"start":{"line":908,"column":17},"end":{"line":919,"column":13}},"534":{"start":{"line":909,"column":16},"end":{"line":912,"column":17}},"535":{"start":{"line":910,"column":35},"end":{"line":910,"column":78}},"536":{"start":{"line":911,"column":20},"end":{"line":911,"column":37}},"537":{"start":{"line":913,"column":28},"end":{"line":913,"column":39}},"538":{"start":{"line":914,"column":16},"end":{"line":914,"column":40}},"539":{"start":{"line":917,"column":31},"end":{"line":917,"column":85}},"540":{"start":{"line":918,"column":16},"end":{"line":918,"column":33}},"541":{"start":{"line":920,"column":25},"end":{"line":920,"column":27}},"542":{"start":{"line":921,"column":12},"end":{"line":974,"column":13}},"543":{"start":{"line":922,"column":16},"end":{"line":925,"column":17}},"544":{"start":{"line":923,"column":30},"end":{"line":923,"column":41}},"545":{"start":{"line":924,"column":20},"end":{"line":924,"column":37}},"546":{"start":{"line":928,"column":16},"end":{"line":973,"column":17}},"547":{"start":{"line":929,"column":31},"end":{"line":929,"column":42}},"548":{"start":{"line":930,"column":20},"end":{"line":972,"column":21}},"549":{"start":{"line":931,"column":24},"end":{"line":933,"column":25}},"550":{"start":{"line":932,"column":28},"end":{"line":932,"column":46}},"551":{"start":{"line":936,"column":24},"end":{"line":971,"column":25}},"552":{"start":{"line":937,"column":43},"end":{"line":937,"column":86}},"553":{"start":{"line":938,"column":28},"end":{"line":938,"column":45}},"554":{"start":{"line":940,"column":29},"end":{"line":971,"column":25}},"555":{"start":{"line":941,"column":43},"end":{"line":941,"column":106}},"556":{"start":{"line":942,"column":28},"end":{"line":942,"column":45}},"557":{"start":{"line":944,"column":29},"end":{"line":971,"column":25}},"558":{"start":{"line":945,"column":43},"end":{"line":945,"column":101}},"559":{"start":{"line":946,"column":28},"end":{"line":946,"column":45}},"560":{"start":{"line":948,"column":29},"end":{"line":971,"column":25}},"561":{"start":{"line":949,"column":43},"end":{"line":949,"column":101}},"562":{"start":{"line":950,"column":28},"end":{"line":950,"column":45}},"563":{"start":{"line":952,"column":29},"end":{"line":971,"column":25}},"564":{"start":{"line":953,"column":43},"end":{"line":953,"column":101}},"565":{"start":{"line":954,"column":28},"end":{"line":954,"column":45}},"566":{"start":{"line":956,"column":29},"end":{"line":971,"column":25}},"567":{"start":{"line":957,"column":43},"end":{"line":957,"column":101}},"568":{"start":{"line":958,"column":28},"end":{"line":958,"column":45}},"569":{"start":{"line":960,"column":29},"end":{"line":971,"column":25}},"570":{"start":{"line":961,"column":43},"end":{"line":961,"column":102}},"571":{"start":{"line":962,"column":28},"end":{"line":962,"column":45}},"572":{"start":{"line":964,"column":29},"end":{"line":971,"column":25}},"573":{"start":{"line":965,"column":43},"end":{"line":965,"column":101}},"574":{"start":{"line":966,"column":28},"end":{"line":966,"column":45}},"575":{"start":{"line":968,"column":29},"end":{"line":971,"column":25}},"576":{"start":{"line":969,"column":43},"end":{"line":969,"column":102}},"577":{"start":{"line":970,"column":28},"end":{"line":970,"column":45}},"578":{"start":{"line":975,"column":26},"end":{"line":975,"column":44}},"579":{"start":{"line":976,"column":24},"end":{"line":976,"column":40}},"580":{"start":{"line":977,"column":23},"end":{"line":977,"column":38}},"581":{"start":{"line":978,"column":12},"end":{"line":981,"column":13}},"582":{"start":{"line":979,"column":31},"end":{"line":979,"column":91}},"583":{"start":{"line":980,"column":16},"end":{"line":980,"column":33}},"584":{"start":{"line":982,"column":12},"end":{"line":985,"column":13}},"585":{"start":{"line":983,"column":31},"end":{"line":983,"column":103}},"586":{"start":{"line":984,"column":16},"end":{"line":984,"column":33}},"587":{"start":{"line":986,"column":28},"end":{"line":986,"column":46}},"588":{"start":{"line":987,"column":22},"end":{"line":987,"column":23}},"589":{"start":{"line":989,"column":12},"end":{"line":989,"column":25}},"590":{"start":{"line":990,"column":23},"end":{"line":990,"column":25}},"591":{"start":{"line":991,"column":12},"end":{"line":1033,"column":13}},"592":{"start":{"line":992,"column":16},"end":{"line":1023,"column":17}},"593":{"start":{"line":993,"column":20},"end":{"line":1018,"column":21}},"594":{"start":{"line":994,"column":24},"end":{"line":994,"column":52}},"595":{"start":{"line":995,"column":24},"end":{"line":995,"column":51}},"596":{"start":{"line":996,"column":38},"end":{"line":996,"column":39}},"597":{"start":{"line":997,"column":24},"end":{"line":1005,"column":25}},"598":{"start":{"line":998,"column":37},"end":{"line":998,"column":47}},"599":{"start":{"line":999,"column":28},"end":{"line":1004,"column":29}},"600":{"start":{"line":1000,"column":43},"end":{"line":1000,"column":56}},"601":{"start":{"line":1001,"column":32},"end":{"line":1003,"column":33}},"602":{"start":{"line":1002,"column":36},"end":{"line":1002,"column":46}},"603":{"start":{"line":1006,"column":24},"end":{"line":1012,"column":25}},"604":{"start":{"line":1007,"column":43},"end":{"line":1007,"column":95}},"605":{"start":{"line":1008,"column":28},"end":{"line":1008,"column":45}},"606":{"start":{"line":1011,"column":28},"end":{"line":1011,"column":36}},"607":{"start":{"line":1016,"column":39},"end":{"line":1016,"column":91}},"608":{"start":{"line":1017,"column":24},"end":{"line":1017,"column":41}},"609":{"start":{"line":1021,"column":35},"end":{"line":1021,"column":87}},"610":{"start":{"line":1022,"column":20},"end":{"line":1022,"column":37}},"611":{"start":{"line":1026,"column":16},"end":{"line":1032,"column":17}},"612":{"start":{"line":1027,"column":31},"end":{"line":1027,"column":44}},"613":{"start":{"line":1028,"column":20},"end":{"line":1031,"column":21}},"614":{"start":{"line":1029,"column":24},"end":{"line":1029,"column":41}},"615":{"start":{"line":1030,"column":24},"end":{"line":1030,"column":32}},"616":{"start":{"line":1034,"column":12},"end":{"line":1037,"column":13}},"617":{"start":{"line":1035,"column":31},"end":{"line":1035,"column":89}},"618":{"start":{"line":1036,"column":16},"end":{"line":1036,"column":33}},"619":{"start":{"line":1038,"column":12},"end":{"line":1043,"column":13}},"620":{"start":{"line":1039,"column":26},"end":{"line":1039,"column":39}},"621":{"start":{"line":1040,"column":16},"end":{"line":1042,"column":17}},"622":{"start":{"line":1041,"column":20},"end":{"line":1041,"column":40}},"623":{"start":{"line":1044,"column":12},"end":{"line":1215,"column":13}},"624":{"start":{"line":1045,"column":34},"end":{"line":1045,"column":36}},"625":{"start":{"line":1046,"column":16},"end":{"line":1063,"column":17}},"626":{"start":{"line":1047,"column":31},"end":{"line":1047,"column":43}},"627":{"start":{"line":1048,"column":42},"end":{"line":1048,"column":44}},"628":{"start":{"line":1049,"column":20},"end":{"line":1052,"column":21}},"629":{"start":{"line":1050,"column":37},"end":{"line":1050,"column":50}},"630":{"start":{"line":1051,"column":24},"end":{"line":1051,"column":53}},"631":{"start":{"line":1053,"column":34},"end":{"line":1053,"column":51}},"632":{"start":{"line":1054,"column":20},"end":{"line":1061,"column":21}},"633":{"start":{"line":1055,"column":49},"end":{"line":1055,"column":77}},"634":{"start":{"line":1056,"column":24},"end":{"line":1060,"column":25}},"635":{"start":{"line":1057,"column":28},"end":{"line":1059,"column":29}},"636":{"start":{"line":1058,"column":32},"end":{"line":1058,"column":79}},"637":{"start":{"line":1062,"column":20},"end":{"line":1062,"column":54}},"638":{"start":{"line":1064,"column":16},"end":{"line":1069,"column":17}},"639":{"start":{"line":1065,"column":38},"end":{"line":1065,"column":91}},"640":{"start":{"line":1067,"column":21},"end":{"line":1069,"column":17}},"641":{"start":{"line":1068,"column":38},"end":{"line":1068,"column":89}},"642":{"start":{"line":1070,"column":27},"end":{"line":1070,"column":64}},"643":{"start":{"line":1071,"column":27},"end":{"line":1071,"column":52}},"644":{"start":{"line":1072,"column":16},"end":{"line":1072,"column":30}},"645":{"start":{"line":1075,"column":31},"end":{"line":1075,"column":59}},"646":{"start":{"line":1076,"column":16},"end":{"line":1095,"column":17}},"647":{"start":{"line":1077,"column":20},"end":{"line":1090,"column":21}},"648":{"start":{"line":1078,"column":24},"end":{"line":1085,"column":25}},"649":{"start":{"line":1079,"column":40},"end":{"line":1079,"column":64}},"650":{"start":{"line":1080,"column":40},"end":{"line":1080,"column":64}},"651":{"start":{"line":1083,"column":43},"end":{"line":1083,"column":95}},"652":{"start":{"line":1084,"column":28},"end":{"line":1084,"column":45}},"653":{"start":{"line":1088,"column":39},"end":{"line":1088,"column":91}},"654":{"start":{"line":1089,"column":24},"end":{"line":1089,"column":41}},"655":{"start":{"line":1093,"column":35},"end":{"line":1093,"column":96}},"656":{"start":{"line":1094,"column":20},"end":{"line":1094,"column":37}},"657":{"start":{"line":1096,"column":25},"end":{"line":1096,"column":26}},"658":{"start":{"line":1097,"column":16},"end":{"line":1115,"column":17}},"659":{"start":{"line":1098,"column":32},"end":{"line":1098,"column":43}},"660":{"start":{"line":1099,"column":20},"end":{"line":1111,"column":21}},"661":{"start":{"line":1101,"column":43},"end":{"line":1101,"column":95}},"662":{"start":{"line":1102,"column":28},"end":{"line":1102,"column":45}},"663":{"start":{"line":1105,"column":43},"end":{"line":1105,"column":95}},"664":{"start":{"line":1106,"column":28},"end":{"line":1106,"column":45}},"665":{"start":{"line":1109,"column":28},"end":{"line":1109,"column":34}},"666":{"start":{"line":1112,"column":20},"end":{"line":1114,"column":21}},"667":{"start":{"line":1113,"column":24},"end":{"line":1113,"column":29}},"668":{"start":{"line":1116,"column":30},"end":{"line":1116,"column":32}},"669":{"start":{"line":1117,"column":29},"end":{"line":1117,"column":31}},"670":{"start":{"line":1118,"column":16},"end":{"line":1133,"column":17}},"671":{"start":{"line":1119,"column":31},"end":{"line":1119,"column":43}},"672":{"start":{"line":1120,"column":31},"end":{"line":1120,"column":33}},"673":{"start":{"line":1121,"column":20},"end":{"line":1125,"column":21}},"674":{"start":{"line":1122,"column":34},"end":{"line":1122,"column":45}},"675":{"start":{"line":1123,"column":35},"end":{"line":1123,"column":44}},"676":{"start":{"line":1124,"column":24},"end":{"line":1124,"column":37}},"677":{"start":{"line":1126,"column":20},"end":{"line":1132,"column":21}},"678":{"start":{"line":1127,"column":40},"end":{"line":1127,"column":46}},"679":{"start":{"line":1128,"column":24},"end":{"line":1128,"column":49}},"680":{"start":{"line":1131,"column":24},"end":{"line":1131,"column":48}},"681":{"start":{"line":1134,"column":16},"end":{"line":1136,"column":17}},"682":{"start":{"line":1135,"column":20},"end":{"line":1135,"column":68}},"683":{"start":{"line":1137,"column":34},"end":{"line":1137,"column":36}},"684":{"start":{"line":1138,"column":37},"end":{"line":1138,"column":39}},"685":{"start":{"line":1139,"column":28},"end":{"line":1139,"column":29}},"686":{"start":{"line":1140,"column":16},"end":{"line":1195,"column":17}},"687":{"start":{"line":1141,"column":31},"end":{"line":1141,"column":44}},"688":{"start":{"line":1142,"column":42},"end":{"line":1142,"column":44}},"689":{"start":{"line":1143,"column":20},"end":{"line":1146,"column":21}},"690":{"start":{"line":1144,"column":37},"end":{"line":1144,"column":50}},"691":{"start":{"line":1145,"column":24},"end":{"line":1145,"column":53}},"692":{"start":{"line":1147,"column":34},"end":{"line":1147,"column":51}},"693":{"start":{"line":1148,"column":20},"end":{"line":1192,"column":21}},"694":{"start":{"line":1149,"column":49},"end":{"line":1149,"column":77}},"695":{"start":{"line":1150,"column":24},"end":{"line":1191,"column":25}},"696":{"start":{"line":1151,"column":37},"end":{"line":1151,"column":77}},"697":{"start":{"line":1152,"column":28},"end":{"line":1187,"column":29}},"698":{"start":{"line":1153,"column":48},"end":{"line":1153,"column":80}},"699":{"start":{"line":1154,"column":32},"end":{"line":1186,"column":33}},"700":{"start":{"line":1155,"column":36},"end":{"line":1155,"column":175}},"701":{"start":{"line":1158,"column":36},"end":{"line":1161,"column":37}},"702":{"start":{"line":1159,"column":55},"end":{"line":1159,"column":98}},"703":{"start":{"line":1160,"column":40},"end":{"line":1160,"column":57}},"704":{"start":{"line":1162,"column":36},"end":{"line":1165,"column":37}},"705":{"start":{"line":1163,"column":55},"end":{"line":1163,"column":98}},"706":{"start":{"line":1164,"column":40},"end":{"line":1164,"column":57}},"707":{"start":{"line":1166,"column":36},"end":{"line":1169,"column":37}},"708":{"start":{"line":1167,"column":55},"end":{"line":1167,"column":114}},"709":{"start":{"line":1168,"column":40},"end":{"line":1168,"column":57}},"710":{"start":{"line":1170,"column":36},"end":{"line":1173,"column":37}},"711":{"start":{"line":1171,"column":55},"end":{"line":1171,"column":114}},"712":{"start":{"line":1172,"column":40},"end":{"line":1172,"column":57}},"713":{"start":{"line":1174,"column":36},"end":{"line":1177,"column":37}},"714":{"start":{"line":1175,"column":55},"end":{"line":1175,"column":114}},"715":{"start":{"line":1176,"column":40},"end":{"line":1176,"column":57}},"716":{"start":{"line":1178,"column":36},"end":{"line":1181,"column":37}},"717":{"start":{"line":1179,"column":55},"end":{"line":1179,"column":116}},"718":{"start":{"line":1180,"column":40},"end":{"line":1180,"column":57}},"719":{"start":{"line":1182,"column":36},"end":{"line":1185,"column":37}},"720":{"start":{"line":1183,"column":55},"end":{"line":1183,"column":114}},"721":{"start":{"line":1184,"column":40},"end":{"line":1184,"column":57}},"722":{"start":{"line":1188,"column":28},"end":{"line":1190,"column":29}},"723":{"start":{"line":1189,"column":32},"end":{"line":1189,"column":79}},"724":{"start":{"line":1193,"column":20},"end":{"line":1193,"column":54}},"725":{"start":{"line":1194,"column":20},"end":{"line":1194,"column":28}},"726":{"start":{"line":1196,"column":16},"end":{"line":1201,"column":17}},"727":{"start":{"line":1197,"column":30},"end":{"line":1197,"column":41}},"728":{"start":{"line":1198,"column":20},"end":{"line":1200,"column":21}},"729":{"start":{"line":1199,"column":24},"end":{"line":1199,"column":29}},"730":{"start":{"line":1202,"column":16},"end":{"line":1205,"column":17}},"731":{"start":{"line":1203,"column":35},"end":{"line":1203,"column":91}},"732":{"start":{"line":1204,"column":20},"end":{"line":1204,"column":37}},"733":{"start":{"line":1206,"column":16},"end":{"line":1211,"column":17}},"734":{"start":{"line":1207,"column":38},"end":{"line":1207,"column":91}},"735":{"start":{"line":1209,"column":21},"end":{"line":1211,"column":17}},"736":{"start":{"line":1210,"column":38},"end":{"line":1210,"column":89}},"737":{"start":{"line":1212,"column":27},"end":{"line":1212,"column":64}},"738":{"start":{"line":1213,"column":27},"end":{"line":1213,"column":52}},"739":{"start":{"line":1214,"column":16},"end":{"line":1214,"column":30}},"740":{"start":{"line":1218,"column":4},"end":{"line":1218,"column":25}},"741":{"start":{"line":1220,"column":0},"end":{"line":1220,"column":62}},"742":{"start":{"line":1221,"column":0},"end":{"line":1221,"column":32}}},"fnMap":{"0":{"name":"(anonymous_0)","decl":{"start":{"line":9,"column":21},"end":{"line":9,"column":22}},"loc":{"start":{"line":9,"column":33},"end":{"line":1219,"column":1}}},"1":{"name":"InsightFacade","decl":{"start":{"line":10,"column":13},"end":{"line":10,"column":26}},"loc":{"start":{"line":10,"column":29},"end":{"line":12,"column":5}}},"2":{"name":"(anonymous_2)","decl":{"start":{"line":13,"column":43},"end":{"line":13,"column":44}},"loc":{"start":{"line":13,"column":63},"end":{"line":60,"column":5}}},"3":{"name":"(anonymous_3)","decl":{"start":{"line":14,"column":27},"end":{"line":14,"column":28}},"loc":{"start":{"line":14,"column":54},"end":{"line":59,"column":9}}},"4":{"name":"(anonymous_4)","decl":{"start":{"line":22,"column":82},"end":{"line":22,"column":83}},"loc":{"start":{"line":22,"column":97},"end":{"line":56,"column":13}}},"5":{"name":"(anonymous_5)","decl":{"start":{"line":40,"column":31},"end":{"line":40,"column":32}},"loc":{"start":{"line":40,"column":48},"end":{"line":40,"column":76}}},"6":{"name":"(anonymous_6)","decl":{"start":{"line":41,"column":30},"end":{"line":41,"column":31}},"loc":{"start":{"line":41,"column":42},"end":{"line":55,"column":17}}},"7":{"name":"(anonymous_7)","decl":{"start":{"line":56,"column":27},"end":{"line":56,"column":28}},"loc":{"start":{"line":56,"column":40},"end":{"line":58,"column":13}}},"8":{"name":"(anonymous_8)","decl":{"start":{"line":61,"column":41},"end":{"line":61,"column":42}},"loc":{"start":{"line":61,"column":63},"end":{"line":83,"column":5}}},"9":{"name":"(anonymous_9)","decl":{"start":{"line":84,"column":41},"end":{"line":84,"column":42}},"loc":{"start":{"line":84,"column":64},"end":{"line":361,"column":5}}},"10":{"name":"(anonymous_10)","decl":{"start":{"line":86,"column":27},"end":{"line":86,"column":28}},"loc":{"start":{"line":86,"column":54},"end":{"line":360,"column":9}}},"11":{"name":"(anonymous_11)","decl":{"start":{"line":91,"column":26},"end":{"line":91,"column":27}},"loc":{"start":{"line":91,"column":41},"end":{"line":237,"column":17}}},"12":{"name":"success","decl":{"start":{"line":96,"column":39},"end":{"line":96,"column":46}},"loc":{"start":{"line":96,"column":56},"end":{"line":230,"column":21}}},"13":{"name":"(anonymous_13)","decl":{"start":{"line":123,"column":34},"end":{"line":123,"column":35}},"loc":{"start":{"line":123,"column":50},"end":{"line":222,"column":25}}},"14":{"name":"(anonymous_14)","decl":{"start":{"line":129,"column":38},"end":{"line":129,"column":39}},"loc":{"start":{"line":129,"column":53},"end":{"line":214,"column":29}}},"15":{"name":"(anonymous_15)","decl":{"start":{"line":215,"column":39},"end":{"line":215,"column":40}},"loc":{"start":{"line":215,"column":54},"end":{"line":221,"column":29}}},"16":{"name":"(anonymous_16)","decl":{"start":{"line":223,"column":35},"end":{"line":223,"column":36}},"loc":{"start":{"line":223,"column":50},"end":{"line":229,"column":25}}},"17":{"name":"error","decl":{"start":{"line":230,"column":32},"end":{"line":230,"column":37}},"loc":{"start":{"line":230,"column":41},"end":{"line":236,"column":21}}},"18":{"name":"(anonymous_18)","decl":{"start":{"line":238,"column":27},"end":{"line":238,"column":28}},"loc":{"start":{"line":238,"column":42},"end":{"line":244,"column":17}}},"19":{"name":"(anonymous_19)","decl":{"start":{"line":249,"column":26},"end":{"line":249,"column":27}},"loc":{"start":{"line":249,"column":41},"end":{"line":344,"column":17}}},"20":{"name":"(anonymous_20)","decl":{"start":{"line":258,"column":30},"end":{"line":258,"column":31}},"loc":{"start":{"line":258,"column":45},"end":{"line":336,"column":21}}},"21":{"name":"(anonymous_21)","decl":{"start":{"line":337,"column":31},"end":{"line":337,"column":32}},"loc":{"start":{"line":337,"column":46},"end":{"line":343,"column":21}}},"22":{"name":"(anonymous_22)","decl":{"start":{"line":345,"column":27},"end":{"line":345,"column":28}},"loc":{"start":{"line":345,"column":42},"end":{"line":351,"column":17}}},"23":{"name":"(anonymous_23)","decl":{"start":{"line":362,"column":44},"end":{"line":362,"column":45}},"loc":{"start":{"line":362,"column":58},"end":{"line":386,"column":5}}},"24":{"name":"(anonymous_24)","decl":{"start":{"line":363,"column":27},"end":{"line":363,"column":28}},"loc":{"start":{"line":363,"column":54},"end":{"line":385,"column":9}}},"25":{"name":"(anonymous_25)","decl":{"start":{"line":387,"column":41},"end":{"line":387,"column":42}},"loc":{"start":{"line":387,"column":73},"end":{"line":417,"column":5}}},"26":{"name":"(anonymous_26)","decl":{"start":{"line":418,"column":42},"end":{"line":418,"column":43}},"loc":{"start":{"line":418,"column":80},"end":{"line":690,"column":5}}},"27":{"name":"(anonymous_27)","decl":{"start":{"line":691,"column":42},"end":{"line":691,"column":43}},"loc":{"start":{"line":691,"column":81},"end":{"line":830,"column":5}}},"28":{"name":"(anonymous_28)","decl":{"start":{"line":777,"column":46},"end":{"line":777,"column":47}},"loc":{"start":{"line":777,"column":64},"end":{"line":777,"column":83}}},"29":{"name":"(anonymous_29)","decl":{"start":{"line":831,"column":41},"end":{"line":831,"column":42}},"loc":{"start":{"line":831,"column":71},"end":{"line":845,"column":5}}},"30":{"name":"(anonymous_30)","decl":{"start":{"line":834,"column":25},"end":{"line":834,"column":26}},"loc":{"start":{"line":834,"column":56},"end":{"line":843,"column":9}}},"31":{"name":"(anonymous_31)","decl":{"start":{"line":846,"column":39},"end":{"line":846,"column":40}},"loc":{"start":{"line":846,"column":69},"end":{"line":860,"column":5}}},"32":{"name":"(anonymous_32)","decl":{"start":{"line":849,"column":25},"end":{"line":849,"column":26}},"loc":{"start":{"line":849,"column":56},"end":{"line":858,"column":9}}},"33":{"name":"(anonymous_33)","decl":{"start":{"line":861,"column":43},"end":{"line":861,"column":44}},"loc":{"start":{"line":861,"column":60},"end":{"line":1217,"column":5}}},"34":{"name":"(anonymous_34)","decl":{"start":{"line":862,"column":27},"end":{"line":862,"column":28}},"loc":{"start":{"line":862,"column":54},"end":{"line":1216,"column":9}}}},"branchMap":{"0":{"loc":{"start":{"line":26,"column":16},"end":{"line":33,"column":17}},"type":"if","locations":[{"start":{"line":26,"column":16},"end":{"line":33,"column":17}},{"start":{"line":26,"column":16},"end":{"line":33,"column":17}}]},"1":{"loc":{"start":{"line":30,"column":21},"end":{"line":33,"column":17}},"type":"if","locations":[{"start":{"line":30,"column":21},"end":{"line":33,"column":17}},{"start":{"line":30,"column":21},"end":{"line":33,"column":17}}]},"2":{"loc":{"start":{"line":34,"column":16},"end":{"line":37,"column":17}},"type":"if","locations":[{"start":{"line":34,"column":16},"end":{"line":37,"column":17}},{"start":{"line":34,"column":16},"end":{"line":37,"column":17}}]},"3":{"loc":{"start":{"line":63,"column":8},"end":{"line":82,"column":9}},"type":"if","locations":[{"start":{"line":63,"column":8},"end":{"line":82,"column":9}},{"start":{"line":63,"column":8},"end":{"line":82,"column":9}}]},"4":{"loc":{"start":{"line":67,"column":16},"end":{"line":80,"column":17}},"type":"if","locations":[{"start":{"line":67,"column":16},"end":{"line":80,"column":17}},{"start":{"line":67,"column":16},"end":{"line":80,"column":17}}]},"5":{"loc":{"start":{"line":70,"column":24},"end":{"line":78,"column":25}},"type":"if","locations":[{"start":{"line":70,"column":24},"end":{"line":78,"column":25}},{"start":{"line":70,"column":24},"end":{"line":78,"column":25}}]},"6":{"loc":{"start":{"line":75,"column":28},"end":{"line":77,"column":29}},"type":"if","locations":[{"start":{"line":75,"column":28},"end":{"line":77,"column":29}},{"start":{"line":75,"column":28},"end":{"line":77,"column":29}}]},"7":{"loc":{"start":{"line":87,"column":12},"end":{"line":359,"column":13}},"type":"if","locations":[{"start":{"line":87,"column":12},"end":{"line":359,"column":13}},{"start":{"line":87,"column":12},"end":{"line":359,"column":13}}]},"8":{"loc":{"start":{"line":99,"column":24},"end":{"line":109,"column":25}},"type":"if","locations":[{"start":{"line":99,"column":24},"end":{"line":109,"column":25}},{"start":{"line":99,"column":24},"end":{"line":109,"column":25}}]},"9":{"loc":{"start":{"line":103,"column":32},"end":{"line":107,"column":33}},"type":"if","locations":[{"start":{"line":103,"column":32},"end":{"line":107,"column":33}},{"start":{"line":103,"column":32},"end":{"line":107,"column":33}}]},"10":{"loc":{"start":{"line":114,"column":28},"end":{"line":120,"column":29}},"type":"if","locations":[{"start":{"line":114,"column":28},"end":{"line":120,"column":29}},{"start":{"line":114,"column":28},"end":{"line":120,"column":29}}]},"11":{"loc":{"start":{"line":114,"column":32},"end":{"line":117,"column":94}},"type":"binary-expr","locations":[{"start":{"line":114,"column":32},"end":{"line":114,"column":51}},{"start":{"line":114,"column":55},"end":{"line":114,"column":76}},{"start":{"line":115,"column":32},"end":{"line":115,"column":60}},{"start":{"line":115,"column":64},"end":{"line":115,"column":92}},{"start":{"line":116,"column":32},"end":{"line":116,"column":69}},{"start":{"line":116,"column":73},"end":{"line":116,"column":126}},{"start":{"line":117,"column":32},"end":{"line":117,"column":94}}]},"12":{"loc":{"start":{"line":143,"column":36},"end":{"line":186,"column":37}},"type":"if","locations":[{"start":{"line":143,"column":36},"end":{"line":186,"column":37}},{"start":{"line":143,"column":36},"end":{"line":186,"column":37}}]},"13":{"loc":{"start":{"line":147,"column":44},"end":{"line":184,"column":45}},"type":"if","locations":[{"start":{"line":147,"column":44},"end":{"line":184,"column":45}},{"start":{"line":147,"column":44},"end":{"line":184,"column":45}}]},"14":{"loc":{"start":{"line":167,"column":48},"end":{"line":172,"column":49}},"type":"if","locations":[{"start":{"line":167,"column":48},"end":{"line":172,"column":49}},{"start":{"line":167,"column":48},"end":{"line":172,"column":49}}]},"15":{"loc":{"start":{"line":174,"column":48},"end":{"line":183,"column":49}},"type":"if","locations":[{"start":{"line":174,"column":48},"end":{"line":183,"column":49}},{"start":{"line":174,"column":48},"end":{"line":183,"column":49}}]},"16":{"loc":{"start":{"line":177,"column":56},"end":{"line":180,"column":57}},"type":"if","locations":[{"start":{"line":177,"column":56},"end":{"line":180,"column":57}},{"start":{"line":177,"column":56},"end":{"line":180,"column":57}}]},"17":{"loc":{"start":{"line":189,"column":32},"end":{"line":213,"column":33}},"type":"if","locations":[{"start":{"line":189,"column":32},"end":{"line":213,"column":33}},{"start":{"line":189,"column":32},"end":{"line":213,"column":33}}]},"18":{"loc":{"start":{"line":196,"column":37},"end":{"line":213,"column":33}},"type":"if","locations":[{"start":{"line":196,"column":37},"end":{"line":213,"column":33}},{"start":{"line":196,"column":37},"end":{"line":213,"column":33}}]},"19":{"loc":{"start":{"line":246,"column":17},"end":{"line":359,"column":13}},"type":"if","locations":[{"start":{"line":246,"column":17},"end":{"line":359,"column":13}},{"start":{"line":246,"column":17},"end":{"line":359,"column":13}}]},"20":{"loc":{"start":{"line":253,"column":24},"end":{"line":255,"column":25}},"type":"if","locations":[{"start":{"line":253,"column":24},"end":{"line":255,"column":25}},{"start":{"line":253,"column":24},"end":{"line":255,"column":25}}]},"21":{"loc":{"start":{"line":271,"column":36},"end":{"line":273,"column":37}},"type":"if","locations":[{"start":{"line":271,"column":36},"end":{"line":273,"column":37}},{"start":{"line":271,"column":36},"end":{"line":273,"column":37}}]},"22":{"loc":{"start":{"line":274,"column":36},"end":{"line":276,"column":37}},"type":"if","locations":[{"start":{"line":274,"column":36},"end":{"line":276,"column":37}},{"start":{"line":274,"column":36},"end":{"line":276,"column":37}}]},"23":{"loc":{"start":{"line":277,"column":36},"end":{"line":279,"column":37}},"type":"if","locations":[{"start":{"line":277,"column":36},"end":{"line":279,"column":37}},{"start":{"line":277,"column":36},"end":{"line":279,"column":37}}]},"24":{"loc":{"start":{"line":280,"column":36},"end":{"line":282,"column":37}},"type":"if","locations":[{"start":{"line":280,"column":36},"end":{"line":282,"column":37}},{"start":{"line":280,"column":36},"end":{"line":282,"column":37}}]},"25":{"loc":{"start":{"line":283,"column":36},"end":{"line":285,"column":37}},"type":"if","locations":[{"start":{"line":283,"column":36},"end":{"line":285,"column":37}},{"start":{"line":283,"column":36},"end":{"line":285,"column":37}}]},"26":{"loc":{"start":{"line":286,"column":36},"end":{"line":288,"column":37}},"type":"if","locations":[{"start":{"line":286,"column":36},"end":{"line":288,"column":37}},{"start":{"line":286,"column":36},"end":{"line":288,"column":37}}]},"27":{"loc":{"start":{"line":289,"column":36},"end":{"line":291,"column":37}},"type":"if","locations":[{"start":{"line":289,"column":36},"end":{"line":291,"column":37}},{"start":{"line":289,"column":36},"end":{"line":291,"column":37}}]},"28":{"loc":{"start":{"line":292,"column":36},"end":{"line":294,"column":37}},"type":"if","locations":[{"start":{"line":292,"column":36},"end":{"line":294,"column":37}},{"start":{"line":292,"column":36},"end":{"line":294,"column":37}}]},"29":{"loc":{"start":{"line":295,"column":36},"end":{"line":297,"column":37}},"type":"if","locations":[{"start":{"line":295,"column":36},"end":{"line":297,"column":37}},{"start":{"line":295,"column":36},"end":{"line":297,"column":37}}]},"30":{"loc":{"start":{"line":298,"column":36},"end":{"line":303,"column":37}},"type":"if","locations":[{"start":{"line":298,"column":36},"end":{"line":303,"column":37}},{"start":{"line":298,"column":36},"end":{"line":303,"column":37}}]},"31":{"loc":{"start":{"line":299,"column":40},"end":{"line":302,"column":41}},"type":"if","locations":[{"start":{"line":299,"column":40},"end":{"line":302,"column":41}},{"start":{"line":299,"column":40},"end":{"line":302,"column":41}}]},"32":{"loc":{"start":{"line":304,"column":36},"end":{"line":306,"column":37}},"type":"if","locations":[{"start":{"line":304,"column":36},"end":{"line":306,"column":37}},{"start":{"line":304,"column":36},"end":{"line":306,"column":37}}]},"33":{"loc":{"start":{"line":304,"column":40},"end":{"line":304,"column":72}},"type":"binary-expr","locations":[{"start":{"line":304,"column":40},"end":{"line":304,"column":57}},{"start":{"line":304,"column":61},"end":{"line":304,"column":72}}]},"34":{"loc":{"start":{"line":311,"column":24},"end":{"line":335,"column":25}},"type":"if","locations":[{"start":{"line":311,"column":24},"end":{"line":335,"column":25}},{"start":{"line":311,"column":24},"end":{"line":335,"column":25}}]},"35":{"loc":{"start":{"line":318,"column":29},"end":{"line":335,"column":25}},"type":"if","locations":[{"start":{"line":318,"column":29},"end":{"line":335,"column":25}},{"start":{"line":318,"column":29},"end":{"line":335,"column":25}}]},"36":{"loc":{"start":{"line":364,"column":12},"end":{"line":384,"column":13}},"type":"if","locations":[{"start":{"line":364,"column":12},"end":{"line":384,"column":13}},{"start":{"line":364,"column":12},"end":{"line":384,"column":13}}]},"37":{"loc":{"start":{"line":366,"column":16},"end":{"line":368,"column":17}},"type":"if","locations":[{"start":{"line":366,"column":16},"end":{"line":368,"column":17}},{"start":{"line":366,"column":16},"end":{"line":368,"column":17}}]},"38":{"loc":{"start":{"line":369,"column":16},"end":{"line":371,"column":17}},"type":"if","locations":[{"start":{"line":369,"column":16},"end":{"line":371,"column":17}},{"start":{"line":369,"column":16},"end":{"line":371,"column":17}}]},"39":{"loc":{"start":{"line":390,"column":8},"end":{"line":392,"column":9}},"type":"if","locations":[{"start":{"line":390,"column":8},"end":{"line":392,"column":9}},{"start":{"line":390,"column":8},"end":{"line":392,"column":9}}]},"40":{"loc":{"start":{"line":393,"column":8},"end":{"line":395,"column":9}},"type":"if","locations":[{"start":{"line":393,"column":8},"end":{"line":395,"column":9}},{"start":{"line":393,"column":8},"end":{"line":395,"column":9}}]},"41":{"loc":{"start":{"line":396,"column":8},"end":{"line":398,"column":9}},"type":"if","locations":[{"start":{"line":396,"column":8},"end":{"line":398,"column":9}},{"start":{"line":396,"column":8},"end":{"line":398,"column":9}}]},"42":{"loc":{"start":{"line":400,"column":8},"end":{"line":402,"column":9}},"type":"if","locations":[{"start":{"line":400,"column":8},"end":{"line":402,"column":9}},{"start":{"line":400,"column":8},"end":{"line":402,"column":9}}]},"43":{"loc":{"start":{"line":403,"column":8},"end":{"line":405,"column":9}},"type":"if","locations":[{"start":{"line":403,"column":8},"end":{"line":405,"column":9}},{"start":{"line":403,"column":8},"end":{"line":405,"column":9}}]},"44":{"loc":{"start":{"line":406,"column":8},"end":{"line":415,"column":9}},"type":"if","locations":[{"start":{"line":406,"column":8},"end":{"line":415,"column":9}},{"start":{"line":406,"column":8},"end":{"line":415,"column":9}}]},"45":{"loc":{"start":{"line":407,"column":12},"end":{"line":409,"column":13}},"type":"if","locations":[{"start":{"line":407,"column":12},"end":{"line":409,"column":13}},{"start":{"line":407,"column":12},"end":{"line":409,"column":13}}]},"46":{"loc":{"start":{"line":411,"column":13},"end":{"line":415,"column":9}},"type":"if","locations":[{"start":{"line":411,"column":13},"end":{"line":415,"column":9}},{"start":{"line":411,"column":13},"end":{"line":415,"column":9}}]},"47":{"loc":{"start":{"line":412,"column":12},"end":{"line":414,"column":13}},"type":"if","locations":[{"start":{"line":412,"column":12},"end":{"line":414,"column":13}},{"start":{"line":412,"column":12},"end":{"line":414,"column":13}}]},"48":{"loc":{"start":{"line":423,"column":8},"end":{"line":689,"column":9}},"type":"switch","locations":[{"start":{"line":424,"column":12},"end":{"line":449,"column":17}},{"start":{"line":450,"column":12},"end":{"line":478,"column":17}},{"start":{"line":479,"column":12},"end":{"line":517,"column":17}},{"start":{"line":518,"column":12},"end":{"line":557,"column":17}},{"start":{"line":558,"column":12},"end":{"line":596,"column":17}},{"start":{"line":597,"column":12},"end":{"line":671,"column":17}},{"start":{"line":672,"column":12},"end":{"line":685,"column":17}},{"start":{"line":686,"column":12},"end":{"line":688,"column":13}}]},"49":{"loc":{"start":{"line":427,"column":20},"end":{"line":447,"column":21}},"type":"if","locations":[{"start":{"line":427,"column":20},"end":{"line":447,"column":21}},{"start":{"line":427,"column":20},"end":{"line":447,"column":21}}]},"50":{"loc":{"start":{"line":430,"column":25},"end":{"line":447,"column":21}},"type":"if","locations":[{"start":{"line":430,"column":25},"end":{"line":447,"column":21}},{"start":{"line":430,"column":25},"end":{"line":447,"column":21}}]},"51":{"loc":{"start":{"line":434,"column":25},"end":{"line":447,"column":21}},"type":"if","locations":[{"start":{"line":434,"column":25},"end":{"line":447,"column":21}},{"start":{"line":434,"column":25},"end":{"line":447,"column":21}}]},"52":{"loc":{"start":{"line":437,"column":32},"end":{"line":437,"column":169}},"type":"binary-expr","locations":[{"start":{"line":437,"column":32},"end":{"line":437,"column":97}},{"start":{"line":437,"column":102},"end":{"line":437,"column":168}}]},"53":{"loc":{"start":{"line":446,"column":32},"end":{"line":446,"column":169}},"type":"binary-expr","locations":[{"start":{"line":446,"column":32},"end":{"line":446,"column":97}},{"start":{"line":446,"column":101},"end":{"line":446,"column":169}}]},"54":{"loc":{"start":{"line":453,"column":20},"end":{"line":476,"column":21}},"type":"if","locations":[{"start":{"line":453,"column":20},"end":{"line":476,"column":21}},{"start":{"line":453,"column":20},"end":{"line":476,"column":21}}]},"55":{"loc":{"start":{"line":456,"column":25},"end":{"line":476,"column":21}},"type":"if","locations":[{"start":{"line":456,"column":25},"end":{"line":476,"column":21}},{"start":{"line":456,"column":25},"end":{"line":476,"column":21}}]},"56":{"loc":{"start":{"line":461,"column":25},"end":{"line":476,"column":21}},"type":"if","locations":[{"start":{"line":461,"column":25},"end":{"line":476,"column":21}},{"start":{"line":461,"column":25},"end":{"line":476,"column":21}}]},"57":{"loc":{"start":{"line":466,"column":32},"end":{"line":466,"column":167}},"type":"binary-expr","locations":[{"start":{"line":466,"column":32},"end":{"line":466,"column":97}},{"start":{"line":466,"column":101},"end":{"line":466,"column":167}}]},"58":{"loc":{"start":{"line":475,"column":32},"end":{"line":475,"column":169}},"type":"binary-expr","locations":[{"start":{"line":475,"column":32},"end":{"line":475,"column":97}},{"start":{"line":475,"column":101},"end":{"line":475,"column":169}}]},"59":{"loc":{"start":{"line":487,"column":28},"end":{"line":489,"column":29}},"type":"if","locations":[{"start":{"line":487,"column":28},"end":{"line":489,"column":29}},{"start":{"line":487,"column":28},"end":{"line":489,"column":29}}]},"60":{"loc":{"start":{"line":491,"column":28},"end":{"line":501,"column":29}},"type":"switch","locations":[{"start":{"line":492,"column":32},"end":{"line":494,"column":33}},{"start":{"line":495,"column":32},"end":{"line":497,"column":33}},{"start":{"line":498,"column":32},"end":{"line":500,"column":33}}]},"61":{"loc":{"start":{"line":502,"column":28},"end":{"line":513,"column":29}},"type":"if","locations":[{"start":{"line":502,"column":28},"end":{"line":513,"column":29}},{"start":{"line":502,"column":28},"end":{"line":513,"column":29}}]},"62":{"loc":{"start":{"line":503,"column":32},"end":{"line":509,"column":33}},"type":"if","locations":[{"start":{"line":503,"column":32},"end":{"line":509,"column":33}},{"start":{"line":503,"column":32},"end":{"line":509,"column":33}}]},"63":{"loc":{"start":{"line":504,"column":36},"end":{"line":508,"column":53}},"type":"if","locations":[{"start":{"line":504,"column":36},"end":{"line":508,"column":53}},{"start":{"line":504,"column":36},"end":{"line":508,"column":53}}]},"64":{"loc":{"start":{"line":526,"column":28},"end":{"line":528,"column":29}},"type":"if","locations":[{"start":{"line":526,"column":28},"end":{"line":528,"column":29}},{"start":{"line":526,"column":28},"end":{"line":528,"column":29}}]},"65":{"loc":{"start":{"line":530,"column":28},"end":{"line":540,"column":29}},"type":"switch","locations":[{"start":{"line":531,"column":32},"end":{"line":533,"column":33}},{"start":{"line":534,"column":32},"end":{"line":536,"column":33}},{"start":{"line":537,"column":32},"end":{"line":539,"column":33}}]},"66":{"loc":{"start":{"line":541,"column":28},"end":{"line":553,"column":29}},"type":"if","locations":[{"start":{"line":541,"column":28},"end":{"line":553,"column":29}},{"start":{"line":541,"column":28},"end":{"line":553,"column":29}}]},"67":{"loc":{"start":{"line":542,"column":32},"end":{"line":548,"column":33}},"type":"if","locations":[{"start":{"line":542,"column":32},"end":{"line":548,"column":33}},{"start":{"line":542,"column":32},"end":{"line":548,"column":33}}]},"68":{"loc":{"start":{"line":543,"column":36},"end":{"line":547,"column":53}},"type":"if","locations":[{"start":{"line":543,"column":36},"end":{"line":547,"column":53}},{"start":{"line":543,"column":36},"end":{"line":547,"column":53}}]},"69":{"loc":{"start":{"line":566,"column":28},"end":{"line":568,"column":29}},"type":"if","locations":[{"start":{"line":566,"column":28},"end":{"line":568,"column":29}},{"start":{"line":566,"column":28},"end":{"line":568,"column":29}}]},"70":{"loc":{"start":{"line":570,"column":28},"end":{"line":580,"column":29}},"type":"switch","locations":[{"start":{"line":571,"column":32},"end":{"line":573,"column":33}},{"start":{"line":574,"column":32},"end
[...]
0,"98":3890,"99":1830,"100":1830,"101":1830,"102":1830,"103":1830,"104":1830,"105":1830,"106":1830,"107":1830,"108":1830,"109":1830,"110":1830,"111":1830,"112":1830,"113":1830,"114":1830,"115":1830,"116":1830,"117":1830,"118":1830,"119":1830,"120":1830,"121":1830,"122":1830,"123":1820,"124":134680,"125":134680,"126":1820,"127":1820,"128":1820,"129":380,"130":5,"131":0,"132":0,"133":5,"134":3,"135":3,"136":3,"137":3,"138":2,"139":2,"140":2,"141":2,"142":0,"143":0,"144":0,"145":0,"146":0,"147":0,"148":4,"149":4,"150":10,"151":10,"152":10,"153":7,"154":7,"155":35671,"156":35671,"157":35665,"158":7,"159":7,"160":7,"161":35665,"162":35665,"163":35665,"164":35665,"165":387672,"166":387672,"167":387672,"168":387672,"169":387672,"170":13956192,"171":13956192,"172":387672,"173":13956192,"174":387672,"175":13956192,"176":387672,"177":13956192,"178":387672,"179":13956192,"180":387672,"181":13956192,"182":387672,"183":13956192,"184":387672,"185":13956192,"186":387672,"187":13956192,"188":387672,"189":13956192,"190":387672,"191":147726,"192":147726,"193":13956192,"194":239946,"195":387672,"196":7,"197":1,"198":1,"199":6,"200":4,"201":4,"202":4,"203":4,"204":2,"205":2,"206":2,"207":2,"208":0,"209":0,"210":3,"211":3,"212":0,"213":0,"214":1,"215":6,"216":6,"217":4,"218":4,"219":2,"220":4,"221":2,"222":4,"223":4,"224":2,"225":2,"226":1,"227":9183042,"228":9183042,"229":9183042,"230":0,"231":9183042,"232":0,"233":9183042,"234":64613,"235":9118429,"236":9118429,"237":0,"238":9118429,"239":64612,"240":9053817,"241":9000553,"242":64612,"243":53264,"244":53264,"245":0,"246":8989205,"247":1,"248":2660842,"249":2660842,"250":2660842,"251":2660842,"252":2660842,"253":325621,"254":325621,"255":64612,"256":261009,"257":64612,"258":64612,"259":196397,"260":131421,"261":131421,"262":131421,"263":64976,"264":64976,"265":64976,"266":129952,"267":64976,"268":64976,"269":323055,"270":323055,"271":64612,"272":258443,"273":0,"274":0,"275":0,"276":258443,"277":193831,"278":193831,"279":193831,"280":193831,"281":193831,"282":64612,"283":64612,"284":64612,"285":129224,"286":64612,"287":64612,"288":323424,"289":323424,"290":323424,"291":1295880,"292":1295880,"293":1295880,"294":1295880,"295":0,"296":1295880,"297":1295880,"298":129224,"299":0,"300":1166656,"301":1166656,"302":1102044,"303":129588,"304":64628,"305":64960,"306":64612,"307":584126,"308":584126,"309":584126,"310":3189743,"311":3189743,"312":3189743,"313":3189743,"314":0,"315":3189743,"316":3189743,"317":0,"318":64612,"319":3125131,"320":3125131,"321":3060519,"322":454902,"323":2153,"324":452749,"325":64612,"326":64612,"327":516896,"328":516896,"329":516896,"330":3279872,"331":3279872,"332":3279872,"333":3279872,"334":0,"335":3279872,"336":3279872,"337":0,"338":0,"339":3279872,"340":3279872,"341":3215260,"342":452284,"343":181,"344":452103,"345":64612,"346":458480,"347":458480,"348":458480,"349":1413930,"350":1413930,"351":1413930,"352":1413930,"353":0,"354":1413930,"355":1413930,"356":0,"357":0,"358":1413930,"359":1413930,"360":1349318,"361":393868,"362":393868,"363":393868,"364":393868,"365":393868,"366":132508,"367":0,"368":132508,"369":132508,"370":1768,"371":261360,"372":129224,"373":0,"374":129224,"375":129224,"376":60787,"377":28,"378":132136,"379":64976,"380":0,"381":64976,"382":64976,"383":27828,"384":10,"385":67160,"386":42,"387":67118,"388":324902,"389":64612,"390":64628,"391":64628,"392":64628,"393":0,"394":64628,"395":0,"396":0,"397":64628,"398":64612,"399":1,"400":3597,"401":0,"402":3597,"403":3597,"404":3597,"405":3597,"406":0,"407":0,"408":3597,"409":3597,"410":33,"411":33,"412":44,"413":44,"414":44,"415":484,"416":44,"417":44,"418":44,"419":33,"420":0,"421":33,"422":1133,"423":1133,"424":4092,"425":4092,"426":4092,"427":45012,"428":4092,"429":4092,"430":4092,"431":1771,"432":0,"433":1133,"434":1166,"435":1166,"436":4136,"437":4136,"438":4136,"439":45496,"440":4136,"441":4136,"442":4136,"443":4136,"444":4136,"445":4136,"446":0,"447":1166,"448":4136,"449":1166,"450":1166,"451":1166,"452":1166,"453":1133,"454":1133,"455":4092,"456":4092,"457":4092,"458":45012,"459":4092,"460":4092,"461":2431,"462":1133,"463":132,"464":132,"465":176,"466":176,"467":176,"468":1936,"469":176,"470":176,"471":176,"472":176,"473":0,"474":132,"475":0,"476":1,"477":10,"478":10,"479":10,"480":3727,"481":4498,"482":4498,"483":1783,"484":2715,"485":1677,"486":267,"487":10,"488":1,"489":41,"490":41,"491":41,"492":1942,"493":2064,"494":2064,"495":311,"496":1753,"497":423,"498":1208,"499":41,"500":1,"501":53,"502":53,"503":53,"504":53,"505":53,"506":2,"507":2,"508":53,"509":53,"510":53,"511":53,"512":12,"513":12,"514":12,"515":0,"516":0,"517":0,"518":0,"519":39,"520":51,"521":0,"522":0,"523":51,"524":51,"525":0,"526":0,"527":51,"528":28,"529":0,"530":0,"531":28,"532":28,"533":23,"534":23,"535":0,"536":0,"537":23,"538":23,"539":0,"540":0,"541":51,"542":51,"543":5,"544":1820,"545":1820,"546":46,"547":1815688,"548":1815688,"549":1815688,"550":1466,"551":646120,"552":64612,"553":64612,"554":581508,"555":64612,"556":64612,"557":516896,"558":193836,"559":193836,"560":323060,"561":64612,"562":64612,"563":258448,"564":64612,"565":64612,"566":193836,"567":64612,"568":64612,"569":129224,"570":64612,"571":64612,"572":64612,"573":64612,"574":64612,"575":0,"576":0,"577":0,"578":51,"579":51,"580":51,"581":51,"582":1,"583":1,"584":51,"585":0,"586":0,"587":51,"588":51,"589":51,"590":51,"591":51,"592":12,"593":12,"594":12,"595":12,"596":12,"597":12,"598":24,"599":24,"600":80,"601":80,"602":24,"603":12,"604":0,"605":0,"606":12,"607":0,"608":0,"609":0,"610":0,"611":39,"612":98,"613":98,"614":38,"615":38,"616":51,"617":1,"618":1,"619":51,"620":138,"621":138,"622":15,"623":51,"624":41,"625":41,"626":1806,"627":1806,"628":1806,"629":3833,"630":3833,"631":1806,"632":1806,"633":18567,"634":18567,"635":39417,"636":3833,"637":1806,"638":41,"639":1,"640":40,"641":40,"642":41,"643":41,"644":41,"645":10,"646":10,"647":10,"648":10,"649":10,"650":10,"651":0,"652":0,"653":0,"654":0,"655":0,"656":0,"657":10,"658":10,"659":20,"660":20,"661":1,"662":1,"663":1,"664":1,"665":20,"666":20,"667":20,"668":10,"669":10,"670":10,"671":1480,"672":1480,"673":1480,"674":2600,"675":2600,"676":2600,"677":1480,"678":319,"679":319,"680":1161,"681":10,"682":319,"683":10,"684":10,"685":10,"686":10,"687":319,"688":319,"689":319,"690":955,"691":955,"692":319,"693":319,"694":3509,"695":3509,"696":10505,"697":10505,"698":3597,"699":3597,"700":3597,"701":0,"702":0,"703":0,"704":0,"705":0,"706":0,"707":0,"708":0,"709":0,"710":0,"711":0,"712":0,"713":0,"714":0,"715":0,"716":0,"717":0,"718":0,"719":0,"720":0,"721":0,"722":10505,"723":628,"724":319,"725":319,"726":10,"727":15,"728":15,"729":15,"730":10,"731":0,"732":0,"733":10,"734":9,"735":1,"736":1,"737":10,"738":10,"739":10,"740":1,"741":1,"742":1},"f":{"0":1,"1":78,"2":370,"3":370,"4":370,"5":370,"6":370,"7":0,"8":30795545,"9":19,"10":19,"11":6,"12":5,"13":5,"14":5,"15":0,"16":0,"17":0,"18":4,"19":7,"20":7,"21":0,"22":3,"23":6,"24":6,"25":9183042,"26":2660842,"27":3597,"28":4136,"29":10,"30":3727,"31":41,"32":1942,"33":53,"34":53},"b":{"0":[0,370],"1":[0,370],"2":[0,370],"3":[30795545,0],"4":[26732380,21547430],"5":[995,30794400],"6":[10700,30783700],"7":[9,10],"8":[5,0],"9":[370,375],"10":[380,35],"11":[415,410,405,400,395,390,385],"12":[230,150],"13":[1830,2060],"14":[1830,0],"15":[1820,10],"16":[1820,132860],"17":[0,5],"18":[3,2],"19":[10,0],"20":[35665,6],"21":[387672,13568520],"22":[387672,13568520],"23":[387672,13568520],"24":[387672,13568520],"25":[387672,13568520],"26":[387672,13568520],"27":[387672,13568520],"28":[387672,13568520],"29":[387672,13568520],"30":[387672,13568520],"31":[147726,239946],"32":[239946,13716246],"33":[13956192,387672],"34":[1,6],"35":[4,2],"36":[4,2],"37":[2,2],"38":[2,2],"39":[0,9183042],"40":[0,9183042],"41":[64613,9118429],"42":[0,9118429],"43":[64612,9053817],"44":[9000553,53264],"45":[64612,8935941],"46":[53264,0],"47":[0,53264],"48":[325621,323055,323424,584126,516896,458480,64628,64612],"49":[64612,261009],"50":[64612,196397],"51":[131421,64976],"52":[131421,2747],"53":[64976,13],"54":[64612,258443],"55":[0,258443],"56":[193831,64612],"57":[193831,193707],"58":[64612,64607],"59":[0,1295880],"60":[129224,0,1166656],"61":[1102044,64612],"62":[129588,972456],"63":[64628,64960],"64":[0,3189743],"65":[0,64612,3125131],"66":[3060519,64612],"67":[454902,2605617],"68":[2153,452749],"69":[0,3279872],"70":[0,0,3279872],"71":[3215260,64612],"72":[452284,2762976],"73":[181,452103],"74":[0,1413930],"75":[0,0,1413930],"76":[1349318,64612],"77":[393868,955450],"78":[132508,261360],"79":[393868,261732],"80":[0,132508],"81":[1768,130740],"82":[129224,132136],"83":[261360,129224],"84":[0,129224],"85":[60787,68437],"86":[28,60759],"87":[64976,67160],"88":[132136,132136],"89":[0,64976],"90":[27828,37148],"91":[10,27818],"92":[42,67118],"93":[0,64628],"94":[0,64628],"95":[0,3597],"96":[0,0,3597],"97":[33,1133,1166,1133,132,0],"98":[44,440],"99":[44,0],"100":[33,11],"101":[4092,40920],"102":[4092,0],"103":[1771,2321],"104":[4136,41360],"105":[4136,0],"106":[4092,40920],"107":[2431,1661],"108":[176,1760],"109":[176,0],"110":[1783,2715],"111":[1677,1038],"112":[311,1753],"113":[423,1330],"114":[2,51],"115":[12,39],"116":[12,0],"117":[12,12],"118":[12,0],"119":[0,51],"120":[0,51],"121":[51,0],"122":[28,23],"123":[0,28],"124":[23,0],"125":[0,23],"126":[5,46],"127":[1466,1168102],"128":[64612,581508],"129":[64612,516896],"130":[193836,323060],"131":[64612,258448],"132":[64612,193836],"133":[64612,129224],"134":[64612,64612],"135":[64612,0],"136":[0,0],"137":[1,50],"138":[0,51],"139":[51,51,51],"140":[12,39],"141":[12,0],"142":[12,0],"143":[24,56],"144":[0,12],"145":[38,60],"146":[1,50],"147":[15,123],"148":[41,10],"149":[3833,35584],"150":[1,40],"151":[40,0],"152":[10,0],"153":[10,0],"154":[10,0],"155":[1,1,20],"156":[20,0],"157":[319,1161],"158":[3597,6908],"159":[0,0],"160":[0,0],"161":[0,0],"162":[0,0],"163":[0,0],"164":[0,0],"165":[0,0],"166":[628,9877],"167":[15,0],"168":[0,10],"169":[9,1],"170":[1,0]},"_coverageSchema":"332fd63041d2c1bcb487cc26dd0d5f7d97098a6c","hash":"755e32bc2739d7c8a27875c61f3ff0735457ec8c","contentHash":"d4fc390281319c5bac7b77630e054cd0_10.0.0"},"E:\\WebStormProjects\\cpsc310project_team65\\src\\rest\\Server.js":{"path":"E:\\WebStormProjects\\cpsc310project_team65\\src\\rest\\Server.js","statementMap":{"0":{"start":{"line":2,"column":14},"end":{"line":2,"column":32}},"1":{"start":{"line":3,"column":13},"end":{"line":3,"column":31}},"2":{"start":{"line":4,"column":22},"end":{"line":4,"column":60}},"3":{"start":{"line":6,"column":14},"end":{"line":109,"column":3}},"4":{"start":{"line":8,"column":8},"end":{"line":8,"column":62}},"5":{"start":{"line":9,"column":8},"end":{"line":9,"column":25}},"6":{"start":{"line":11,"column":4},"end":{"line":19,"column":6}},"7":{"start":{"line":12,"column":8},"end":{"line":12,"column":47}},"8":{"start":{"line":13,"column":19},"end":{"line":13,"column":23}},"9":{"start":{"line":14,"column":8},"end":{"line":18,"column":11}},"10":{"start":{"line":15,"column":12},"end":{"line":17,"column":15}},"11":{"start":{"line":16,"column":16},"end":{"line":16,"column":30}},"12":{"start":{"line":20,"column":4},"end":{"line":52,"column":6}},"13":{"start":{"line":21,"column":19},"end":{"line":21,"column":23}},"14":{"start":{"line":22,"column":8},"end":{"line":51,"column":11}},"15":{"start":{"line":23,"column":12},"end":{"line":50,"column":13}},"16":{"start":{"line":24,"column":16},"end":{"line":24,"column":63}},"17":{"start":{"line":25,"column":16},"end":{"line":27,"column":19}},"18":{"start":{"line":28,"column":16},"end":{"line":28,"column":51}},"19":{"start":{"line":29,"column":16},"end":{"line":29,"column":87}},"20":{"start":{"line":30,"column":16},"end":{"line":33,"column":19}},"21":{"start":{"line":31,"column":20},"end":{"line":31,"column":34}},"22":{"start":{"line":32,"column":20},"end":{"line":32,"column":34}},"23":{"start":{"line":34,"column":16},"end":{"line":34,"column":57}},"24":{"start":{"line":35,"column":16},"end":{"line":35,"column":58}},"25":{"start":{"line":36,"column":16},"end":{"line":36,"column":61}},"26":{"start":{"line":37,"column":16},"end":{"line":37,"column":57}},"27":{"start":{"line":38,"column":16},"end":{"line":41,"column":19}},"28":{"start":{"line":39,"column":20},"end":{"line":39,"column":97}},"29":{"start":{"line":40,"column":20},"end":{"line":40,"column":34}},"30":{"start":{"line":42,"column":16},"end":{"line":45,"column":19}},"31":{"start":{"line":43,"column":20},"end":{"line":43,"column":83}},"32":{"start":{"line":44,"column":20},"end":{"line":44,"column":32}},"33":{"start":{"line":48,"column":16},"end":{"line":48,"column":72}},"34":{"start":{"line":49,"column":16},"end":{"line":49,"column":28}},"35":{"start":{"line":53,"column":4},"end":{"line":65,"column":6}},"36":{"start":{"line":54,"column":8},"end":{"line":54,"column":89}},"37":{"start":{"line":55,"column":8},"end":{"line":63,"column":9}},"38":{"start":{"line":56,"column":25},"end":{"line":56,"column":59}},"39":{"start":{"line":57,"column":12},"end":{"line":57,"column":80}},"40":{"start":{"line":58,"column":12},"end":{"line":58,"column":47}},"41":{"start":{"line":61,"column":12},"end":{"line":61,"column":70}},"42":{"start":{"line":62,"column":12},"end":{"line":62,"column":50}},"43":{"start":{"line":64,"column":8},"end":{"line":64,"column":22}},"44":{"start":{"line":66,"column":4},"end":{"line":77,"column":6}},"45":{"start":{"line":67,"column":22},"end":{"line":67,"column":68}},"46":{"start":{"line":68,"column":8},"end":{"line":76,"column":11}},"47":{"start":{"line":70,"column":12},"end":{"line":70,"column":49}},"48":{"start":{"line":71,"column":12},"end":{"line":71,"column":26}},"49":{"start":{"line":74,"column":12},"end":{"line":74,"column":41}},"50":{"start":{"line":75,"column":12},"end":{"line":75,"column":26}},"51":{"start":{"line":78,"column":4},"end":{"line":88,"column":6}},"52":{"start":{"line":79,"column":8},"end":{"line":87,"column":11}},"53":{"start":{"line":81,"column":12},"end":{"line":81,"column":49}},"54":{"start":{"line":82,"column":12},"end":{"line":82,"column":26}},"55":{"start":{"line":85,"column":12},"end":{"line":85,"column":41}},"56":{"start":{"line":86,"column":12},"end":{"line":86,"column":26}},"57":{"start":{"line":89,"column":4},"end":{"line":99,"column":6}},"58":{"start":{"line":90,"column":8},"end":{"line":98,"column":11}},"59":{"start":{"line":92,"column":12},"end":{"line":92,"column":49}},"60":{"start":{"line":93,"column":12},"end":{"line":93,"column":26}},"61":{"start":{"line":96,"column":12},"end":{"line":96,"column":41}},"62":{"start":{"line":97,"column":12},"end":{"line":97,"column":26}},"63":{"start":{"line":100,"column":4},"end":{"line":107,"column":6}},"64":{"start":{"line":101,"column":8},"end":{"line":106,"column":9}},"65":{"start":{"line":102,"column":12},"end":{"line":102,"column":71}},"66":{"start":{"line":105,"column":12},"end":{"line":105,"column":74}},"67":{"start":{"line":108,"column":4},"end":{"line":108,"column":18}},"68":{"start":{"line":110,"column":0},"end":{"line":110,"column":62}},"69":{"start":{"line":111,"column":0},"end":{"line":111,"column":25}}},"fnMap":{"0":{"name":"(anonymous_0)","decl":{"start":{"line":6,"column":14},"end":{"line":6,"column":15}},"loc":{"start":{"line":6,"column":26},"end":{"line":109,"column":1}}},"1":{"name":"Server","decl":{"start":{"line":7,"column":13},"end":{"line":7,"column":19}},"loc":{"start":{"line":7,"column":26},"end":{"line":10,"column":5}}},"2":{"name":"(anonymous_2)","decl":{"start":{"line":11,"column":28},"end":{"line":11,"column":29}},"loc":{"start":{"line":11,"column":40},"end":{"line":19,"column":5}}},"3":{"name":"(anonymous_3)","decl":{"start":{"line":14,"column":27},"end":{"line":14,"column":28}},"loc":{"start":{"line":14,"column":46},"end":{"line":18,"column":9}}},"4":{"name":"(anonymous_4)","decl":{"start":{"line":15,"column":28},"end":{"line":15,"column":29}},"loc":{"start":{"line":15,"column":40},"end":{"line":17,"column":13}}},"5":{"name":"(anonymous_5)","decl":{"start":{"line":20,"column":29},"end":{"line":20,"column":30}},"loc":{"start":{"line":20,"column":41},"end":{"line":52,"column":5}}},"6":{"name":"(anonymous_6)","decl":{"start":{"line":22,"column":27},"end":{"line":22,"column":28}},"loc":{"start":{"line":22,"column":54},"end":{"line":51,"column":9}}},"7":{"name":"(anonymous_7)","decl":{"start":{"line":30,"column":35},"end":{"line":30,"column":36}},"loc":{"start":{"line":30,"column":61},"end":{"line":33,"column":17}}},"8":{"name":"(anonymous_8)","decl":{"start":{"line":38,"column":44},"end":{"line":38,"column":45}},"loc":{"start":{"line":38,"column":56},"end":{"line":41,"column":17}}},"9":{"name":"(anonymous_9)","decl":{"start":{"line":42,"column":38},"end":{"line":42,"column":39}},"loc":{"start":{"line":42,"column":53},"end":{"line":45,"column":17}}},"10":{"name":"(anonymous_10)","decl":{"start":{"line":53,"column":18},"end":{"line":53,"column":19}},"loc":{"start":{"line":53,"column":44},"end":{"line":65,"column":5}}},"11":{"name":"(anonymous_11)","decl":{"start":{"line":66,"column":17},"end":{"line":66,"column":18}},"loc":{"start":{"line":66,"column":43},"end":{"line":77,"column":5}}},"12":{"name":"success","decl":{"start":{"line":69,"column":27},"end":{"line":69,"column":34}},"loc":{"start":{"line":69,"column":44},"end":{"line":72,"column":9}}},"13":{"name":"(anonymous_13)","decl":{"start":{"line":73,"column":19},"end":{"line":73,"column":20}},"loc":{"start":{"line":73,"column":34},"end":{"line":76,"column":9}}},"14":{"name":"(anonymous_14)","decl":{"start":{"line":78,"column":20},"end":{"line":78,"column":21}},"loc":{"start":{"line":78,"column":46},"end":{"line":88,"column":5}}},"15":{"name":"success","decl":{"start":{"line":80,"column":27},"end":{"line":80,"column":34}},"loc":{"start":{"line":80,"column":44},"end":{"line":83,"column":9}}},"16":{"name":"(anonymous_16)","decl":{"start":{"line":84,"column":19},"end":{"line":84,"column":20}},"loc":{"start":{"line":84,"column":34},"end":{"line":87,"column":9}}},"17":{"name":"(anonymous_17)","decl":{"start":{"line":89,"column":21},"end":{"line":89,"column":22}},"loc":{"start":{"line":89,"column":47},"end":{"line":99,"column":5}}},"18":{"name":"success","decl":{"start":{"line":91,"column":27},"end":{"line":91,"column":34}},"loc":{"start":{"line":91,"column":44},"end":{"line":94,"column":9}}},"19":{"name":"(anonymous_19)","decl":{"start":{"line":95,"column":19},"end":{"line":95,"column":20}},"loc":{"start":{"line":95,"column":34},"end":{"line":98,"column":9}}},"20":{"name":"(anonymous_20)","decl":{"start":{"line":100,"column":25},"end":{"line":100,"column":26}},"loc":{"start":{"line":100,"column":40},"end":{"line":107,"column":5}}}},"branchMap":{"0":{"loc":{"start":{"line":101,"column":8},"end":{"line":106,"column":9}},"type":"if","locations":[{"start":{"line":101,"column":8},"end":{"line":106,"column":9}},{"start":{"line":101,"column":8},"end":{"line":106,"column":9}}]},"1":{"loc":{"start":{"line":101,"column":12},"end":{"line":101,"column":54}},"type":"binary-expr","locations":[{"start":{"line":101,"column":12},"end":{"line":101,"column":38}},{"start":{"line":101,"column":42},"end":{"line":101,"column":54}}]}},"s":{"0":1,"1":1,"2":1,"3":1,"4":0,"5":0,"6":1,"7":0,"8":0,"9":0,"10":0,"11":0,"12":1,"13":0,"14":0,"15":0,"16":0,"17":0,"18":0,"19":0,"20":0,"21":0,"22":0,"23":0,"24":0,"25":0,"26":0,"27":0,"28":0,"29":0,"30":0,"31":0,"32":0,"33":0,"34":0,"35":1,"36":0,"37":0,"38":0,"39":0,"40":0,"41":0,"42":0,"43":0,"44":1,"45":0,"46":0,"47":0,"48":0,"49":0,"50":0,"51":1,"52":0,"53":0,"54":0,"55":0,"56":0,"57":1,"58":0,"59":0,"60":0,"61":0,"62":0,"63":1,"64":4,"65":2,"66":2,"67":1,"68":1,"69":1},"f":{"0":1,"1":0,"2":0,"3":0,"4":0,"5":0,"6":0,"7":0,"8":0,"9":0,"10":0,"11":0,"12":0,"13":0,"14":0,"15":0,"16":0,"17":0,"18":0,"19":0,"20":4},"b":{"0":[2,2],"1":[4,3]},"_coverageSchema":"332fd63041d2c1bcb487cc26dd0d5f7d97098a6c","hash":"c2e32eab622c4ee6133611e364db1ddb55fefbc2","contentHash":"3b811012ec7167a2e3e690ff37ad9695_10.0.0"}}